{"/home/travis/build/npmtest/node-npmtest-discord.io/test.js":{"path":"/home/travis/build/npmtest/node-npmtest-discord.io/test.js","s":{"1":2,"2":2,"3":2,"4":2,"5":2,"6":2,"7":2,"8":1,"9":2,"10":2,"11":1,"12":1,"13":1,"14":1,"15":2,"16":2,"17":2,"18":2,"19":1,"20":1,"21":2,"22":2,"23":2,"24":1,"25":1,"26":1,"27":1,"28":1,"29":1,"30":1,"31":1,"32":1,"33":1,"34":1,"35":1,"36":1,"37":2,"38":2,"39":1,"40":2,"41":2,"42":1,"43":2,"44":2,"45":1,"46":2,"47":2,"48":1,"49":1,"50":1,"51":1,"52":1},"b":{"1":[2,1,1,1],"2":[1,1,1,1],"3":[1,1],"4":[1,1],"5":[1,1],"6":[1,1],"7":[1,1],"8":[1,1],"9":[1,1,1],"10":[1,1],"11":[1,1],"12":[1,1],"13":[1,1],"14":[1,1],"15":[1,1],"16":[1,1]},"f":{"1":2,"2":2,"3":2,"4":2,"5":2,"6":1,"7":1,"8":2,"9":2,"10":2,"11":2,"12":1},"fnMap":{"1":{"name":"(anonymous_1)","line":12,"loc":{"start":{"line":12,"column":1},"end":{"line":12,"column":13}}},"2":{"name":"(anonymous_2)","line":19,"loc":{"start":{"line":19,"column":5},"end":{"line":19,"column":17}}},"3":{"name":"(anonymous_3)","line":23,"loc":{"start":{"line":23,"column":24},"end":{"line":23,"column":36}}},"4":{"name":"(anonymous_4)","line":61,"loc":{"start":{"line":61,"column":5},"end":{"line":61,"column":17}}},"5":{"name":"(anonymous_5)","line":82,"loc":{"start":{"line":82,"column":5},"end":{"line":82,"column":17}}},"6":{"name":"(anonymous_6)","line":102,"loc":{"start":{"line":102,"column":83},"end":{"line":105,"column":10}},"skip":true},"7":{"name":"(anonymous_7)","line":113,"loc":{"start":{"line":113,"column":77},"end":{"line":116,"column":10}},"skip":true},"8":{"name":"(anonymous_8)","line":129,"loc":{"start":{"line":129,"column":12},"end":{"line":129,"column":40}},"skip":true},"9":{"name":"(anonymous_9)","line":137,"loc":{"start":{"line":137,"column":77},"end":{"line":140,"column":10}},"skip":true},"10":{"name":"(anonymous_10)","line":148,"loc":{"start":{"line":148,"column":83},"end":{"line":151,"column":10}},"skip":true},"11":{"name":"(anonymous_11)","line":159,"loc":{"start":{"line":159,"column":79},"end":{"line":162,"column":10}},"skip":true},"12":{"name":"(anonymous_12)","line":170,"loc":{"start":{"line":170,"column":75},"end":{"line":173,"column":10}},"skip":true}},"statementMap":{"1":{"start":{"line":12,"column":0},"end":{"line":185,"column":5}},"2":{"start":{"line":14,"column":4},"end":{"line":14,"column":14}},"3":{"start":{"line":19,"column":4},"end":{"line":56,"column":9}},"4":{"start":{"line":21,"column":8},"end":{"line":21,"column":19}},"5":{"start":{"line":23,"column":8},"end":{"line":35,"column":13}},"6":{"start":{"line":24,"column":12},"end":{"line":34,"column":13}},"7":{"start":{"line":25,"column":16},"end":{"line":28,"column":30}},"8":{"start":{"line":30,"column":16},"end":{"line":33,"column":27}},"9":{"start":{"line":37,"column":8},"end":{"line":39,"column":21}},"10":{"start":{"line":40,"column":8},"end":{"line":53,"column":9}},"11":{"start":{"line":43,"column":12},"end":{"line":46,"column":14}},"12":{"start":{"line":47,"column":12},"end":{"line":47,"column":18}},"13":{"start":{"line":50,"column":12},"end":{"line":51,"column":46}},"14":{"start":{"line":52,"column":12},"end":{"line":52,"column":18}},"15":{"start":{"line":55,"column":8},"end":{"line":55,"column":35}},"16":{"start":{"line":61,"column":4},"end":{"line":63,"column":9}},"17":{"start":{"line":62,"column":8},"end":{"line":62,"column":15}},"18":{"start":{"line":64,"column":4},"end":{"line":77,"column":5}},"19":{"start":{"line":70,"column":8},"end":{"line":70,"column":14}},"20":{"start":{"line":76,"column":8},"end":{"line":76,"column":14}},"21":{"start":{"line":82,"column":4},"end":{"line":84,"column":9}},"22":{"start":{"line":83,"column":8},"end":{"line":83,"column":15}},"23":{"start":{"line":85,"column":4},"end":{"line":184,"column":5}},"24":{"start":{"line":92,"column":8},"end":{"line":94,"column":63}},"25":{"start":{"line":95,"column":8},"end":{"line":95,"column":14}},"26":{"start":{"line":102,"column":8},"end":{"line":111,"column":10},"skip":true},"27":{"start":{"line":109,"column":12},"end":{"line":109,"column":55},"skip":true},"28":{"start":{"line":110,"column":12},"end":{"line":110,"column":48},"skip":true},"29":{"start":{"line":113,"column":8},"end":{"line":126,"column":10},"skip":true},"30":{"start":{"line":120,"column":12},"end":{"line":120,"column":76},"skip":true},"31":{"start":{"line":121,"column":12},"end":{"line":121,"column":73},"skip":true},"32":{"start":{"line":122,"column":12},"end":{"line":122,"column":74},"skip":true},"33":{"start":{"line":123,"column":12},"end":{"line":123,"column":79},"skip":true},"34":{"start":{"line":124,"column":12},"end":{"line":124,"column":25},"skip":true},"35":{"start":{"line":125,"column":12},"end":{"line":125,"column":45},"skip":true},"36":{"start":{"line":128,"column":8},"end":{"line":135,"column":14},"skip":true},"37":{"start":{"line":133,"column":16},"end":{"line":133,"column":29},"skip":true},"38":{"start":{"line":134,"column":16},"end":{"line":134,"column":55},"skip":true},"39":{"start":{"line":137,"column":8},"end":{"line":146,"column":10},"skip":true},"40":{"start":{"line":144,"column":12},"end":{"line":144,"column":25},"skip":true},"41":{"start":{"line":145,"column":12},"end":{"line":145,"column":45},"skip":true},"42":{"start":{"line":148,"column":8},"end":{"line":157,"column":10},"skip":true},"43":{"start":{"line":155,"column":12},"end":{"line":155,"column":25},"skip":true},"44":{"start":{"line":156,"column":12},"end":{"line":156,"column":48},"skip":true},"45":{"start":{"line":159,"column":8},"end":{"line":168,"column":10},"skip":true},"46":{"start":{"line":166,"column":12},"end":{"line":166,"column":25},"skip":true},"47":{"start":{"line":167,"column":12},"end":{"line":167,"column":46},"skip":true},"48":{"start":{"line":170,"column":8},"end":{"line":179,"column":10},"skip":true},"49":{"start":{"line":177,"column":12},"end":{"line":177,"column":94},"skip":true},"50":{"start":{"line":178,"column":12},"end":{"line":178,"column":48},"skip":true},"51":{"start":{"line":182,"column":8},"end":{"line":182,"column":35},"skip":true},"52":{"start":{"line":183,"column":8},"end":{"line":183,"column":14},"skip":true}},"branchMap":{"1":{"line":25,"type":"binary-expr","locations":[{"start":{"line":25,"column":23},"end":{"line":25,"column":62}},{"start":{"line":26,"column":20},"end":{"line":26,"column":70}},{"start":{"line":27,"column":20},"end":{"line":27,"column":71}},{"start":{"line":28,"column":20},"end":{"line":28,"column":29}}]},"2":{"line":30,"type":"binary-expr","locations":[{"start":{"line":30,"column":23},"end":{"line":30,"column":37}},{"start":{"line":31,"column":20},"end":{"line":31,"column":61}},{"start":{"line":32,"column":20},"end":{"line":32,"column":70}},{"start":{"line":33,"column":20},"end":{"line":33,"column":26}}]},"3":{"line":37,"type":"cond-expr","locations":[{"start":{"line":38,"column":14},"end":{"line":38,"column":20}},{"start":{"line":39,"column":14},"end":{"line":39,"column":20}}]},"4":{"line":40,"type":"switch","locations":[{"start":{"line":42,"column":8},"end":{"line":47,"column":18}},{"start":{"line":49,"column":8},"end":{"line":52,"column":18}}]},"5":{"line":44,"type":"binary-expr","locations":[{"start":{"line":44,"column":16},"end":{"line":44,"column":44}},{"start":{"line":44,"column":48},"end":{"line":44,"column":66}}]},"6":{"line":50,"type":"binary-expr","locations":[{"start":{"line":50,"column":21},"end":{"line":50,"column":49}},{"start":{"line":50,"column":53},"end":{"line":50,"column":72}}]},"7":{"line":64,"type":"switch","locations":[{"start":{"line":69,"column":4},"end":{"line":70,"column":14}},{"start":{"line":75,"column":4},"end":{"line":76,"column":14}}]},"8":{"line":85,"type":"switch","locations":[{"start":{"line":90,"column":4},"end":{"line":95,"column":14}},{"start":{"line":101,"column":4},"end":{"line":183,"column":14},"skip":true}]},"9":{"line":92,"type":"binary-expr","locations":[{"start":{"line":92,"column":18},"end":{"line":92,"column":32}},{"start":{"line":93,"column":12},"end":{"line":93,"column":53}},{"start":{"line":94,"column":12},"end":{"line":94,"column":61}}]},"10":{"line":102,"type":"binary-expr","locations":[{"start":{"line":102,"column":45},"end":{"line":102,"column":79},"skip":true},{"start":{"line":102,"column":83},"end":{"line":111,"column":9},"skip":true}]},"11":{"line":113,"type":"binary-expr","locations":[{"start":{"line":113,"column":42},"end":{"line":113,"column":73},"skip":true},{"start":{"line":113,"column":77},"end":{"line":126,"column":9},"skip":true}]},"12":{"line":128,"type":"binary-expr","locations":[{"start":{"line":128,"column":48},"end":{"line":128,"column":85},"skip":true},{"start":{"line":129,"column":12},"end":{"line":135,"column":13},"skip":true}]},"13":{"line":137,"type":"binary-expr","locations":[{"start":{"line":137,"column":42},"end":{"line":137,"column":73},"skip":true},{"start":{"line":137,"column":77},"end":{"line":146,"column":9},"skip":true}]},"14":{"line":148,"type":"binary-expr","locations":[{"start":{"line":148,"column":45},"end":{"line":148,"column":79},"skip":true},{"start":{"line":148,"column":83},"end":{"line":157,"column":9},"skip":true}]},"15":{"line":159,"type":"binary-expr","locations":[{"start":{"line":159,"column":43},"end":{"line":159,"column":75},"skip":true},{"start":{"line":159,"column":79},"end":{"line":168,"column":9},"skip":true}]},"16":{"line":170,"type":"binary-expr","locations":[{"start":{"line":170,"column":41},"end":{"line":170,"column":71},"skip":true},{"start":{"line":170,"column":75},"end":{"line":179,"column":9},"skip":true}]}},"code":["/* istanbul instrument in package npmtest_discord_io */","/*jslint","    bitwise: true,","    browser: true,","    maxerr: 8,","    maxlen: 96,","    node: true,","    nomen: true,","    regexp: true,","    stupid: true","*/","(function () {","    'use strict';","    var local;","","","","    // run shared js-env code - pre-init","    (function () {","        // init local","        local = {};","        // init modeJs","        local.modeJs = (function () {","            try {","                return typeof navigator.userAgent === 'string' &&","                    typeof document.querySelector('body') === 'object' &&","                    typeof XMLHttpRequest.prototype.open === 'function' &&","                    'browser';","            } catch (errorCaughtBrowser) {","                return module.exports &&","                    typeof process.versions.node === 'string' &&","                    typeof require('http').createServer === 'function' &&","                    'node';","            }","        }());","        // init global","        local.global = local.modeJs === 'browser'","            ? window","            : global;","        switch (local.modeJs) {","        // re-init local from window.local","        case 'browser':","            local = local.global.utility2.objectSetDefault(","                local.global.utility2_rollup || local.global.local,","                local.global.utility2","            );","            break;","        // re-init local from example.js","        case 'node':","            local = (local.global.utility2_rollup || require('utility2'))","                .requireExampleJsFromReadme();","            break;","        }","        // export local","        local.global.local = local;","    }());","","","","    // run shared js-env code - function","    (function () {","        return;","    }());","    switch (local.modeJs) {","","","","    // run browser js-env code - function","    case 'browser':","        break;","","","","    // run node js-env code - function","    case 'node':","        break;","    }","","","","    // run shared js-env code - post-init","    (function () {","        return;","    }());","    switch (local.modeJs) {","","","","    // run browser js-env code - post-init","    case 'browser':","        // run tests","        local.nop(local.modeTest &&","            document.querySelector('#testRunButton1') &&","            document.querySelector('#testRunButton1').click());","        break;","","","","    // run node js-env code - post-init","    /* istanbul ignore next */","    case 'node':","        local.testCase_buildApidoc_default = local.testCase_buildApidoc_default || function (","            options,","            onError","        ) {","        /*","         * this function will test buildApidoc's default handling-behavior-behavior","         */","            options = { modulePathList: module.paths };","            local.buildApidoc(options, onError);","        };","","        local.testCase_buildApp_default = local.testCase_buildApp_default || function (","            options,","            onError","        ) {","        /*","         * this function will test buildApp's default handling-behavior-behavior","         */","            local.testCase_buildReadme_default(options, local.onErrorThrow);","            local.testCase_buildLib_default(options, local.onErrorThrow);","            local.testCase_buildTest_default(options, local.onErrorThrow);","            local.testCase_buildCustomOrg_default(options, local.onErrorThrow);","            options = [];","            local.buildApp(options, onError);","        };","","        local.testCase_buildCustomOrg_default = local.testCase_buildCustomOrg_default ||","            function (options, onError) {","            /*","             * this function will test buildCustomOrg's default handling-behavior","             */","                options = {};","                local.buildCustomOrg(options, onError);","            };","","        local.testCase_buildLib_default = local.testCase_buildLib_default || function (","            options,","            onError","        ) {","        /*","         * this function will test buildLib's default handling-behavior","         */","            options = {};","            local.buildLib(options, onError);","        };","","        local.testCase_buildReadme_default = local.testCase_buildReadme_default || function (","            options,","            onError","        ) {","        /*","         * this function will test buildReadme's default handling-behavior-behavior","         */","            options = {};","            local.buildReadme(options, onError);","        };","","        local.testCase_buildTest_default = local.testCase_buildTest_default || function (","            options,","            onError","        ) {","        /*","         * this function will test buildTest's default handling-behavior","         */","            options = {};","            local.buildTest(options, onError);","        };","","        local.testCase_webpage_default = local.testCase_webpage_default || function (","            options,","            onError","        ) {","        /*","         * this function will test webpage's default handling-behavior","         */","            options = { modeCoverageMerge: true, url: local.serverLocalHost + '?modeTest=1' };","            local.browserTest(options, onError);","        };","","        // run test-server","        local.testRunServer(local);","        break;","    }","}());",""],"l":{"12":2,"14":2,"19":2,"21":2,"23":2,"24":2,"25":2,"30":1,"37":2,"40":2,"43":1,"47":1,"50":1,"52":1,"55":2,"61":2,"62":2,"64":2,"70":1,"76":1,"82":2,"83":2,"85":2,"92":1,"95":1,"102":1,"109":1,"110":1,"113":1,"120":1,"121":1,"122":1,"123":1,"124":1,"125":1,"128":1,"133":2,"134":2,"137":1,"144":2,"145":2,"148":1,"155":2,"156":2,"159":1,"166":2,"167":2,"170":1,"177":1,"178":1,"182":1,"183":1}},"/home/travis/build/npmtest/node-npmtest-discord.io/lib.npmtest_discord.io.js":{"path":"/home/travis/build/npmtest/node-npmtest-discord.io/lib.npmtest_discord.io.js","s":{"1":2,"2":2,"3":2,"4":2,"5":2,"6":2,"7":2,"8":1,"9":2,"10":2,"11":2,"12":2,"13":1,"14":1,"15":1,"16":1},"b":{"1":[2,1,1,1],"2":[1,1,1,1],"3":[1,1],"4":[2,2],"5":[1,1]},"f":{"1":2,"2":2,"3":2},"fnMap":{"1":{"name":"(anonymous_1)","line":12,"loc":{"start":{"line":12,"column":1},"end":{"line":12,"column":13}}},"2":{"name":"(anonymous_2)","line":19,"loc":{"start":{"line":19,"column":5},"end":{"line":19,"column":17}}},"3":{"name":"(anonymous_3)","line":23,"loc":{"start":{"line":23,"column":24},"end":{"line":23,"column":36}}}},"statementMap":{"1":{"start":{"line":12,"column":0},"end":{"line":53,"column":5}},"2":{"start":{"line":14,"column":4},"end":{"line":14,"column":14}},"3":{"start":{"line":19,"column":4},"end":{"line":52,"column":9}},"4":{"start":{"line":21,"column":8},"end":{"line":21,"column":19}},"5":{"start":{"line":23,"column":8},"end":{"line":35,"column":13}},"6":{"start":{"line":24,"column":12},"end":{"line":34,"column":13}},"7":{"start":{"line":25,"column":16},"end":{"line":28,"column":30}},"8":{"start":{"line":30,"column":16},"end":{"line":33,"column":27}},"9":{"start":{"line":37,"column":8},"end":{"line":39,"column":21}},"10":{"start":{"line":41,"column":8},"end":{"line":41,"column":54}},"11":{"start":{"line":43,"column":8},"end":{"line":43,"column":55}},"12":{"start":{"line":45,"column":8},"end":{"line":51,"column":9}},"13":{"start":{"line":46,"column":12},"end":{"line":46,"column":61}},"14":{"start":{"line":48,"column":12},"end":{"line":48,"column":35}},"15":{"start":{"line":49,"column":12},"end":{"line":49,"column":49}},"16":{"start":{"line":50,"column":12},"end":{"line":50,"column":43}}},"branchMap":{"1":{"line":25,"type":"binary-expr","locations":[{"start":{"line":25,"column":23},"end":{"line":25,"column":62}},{"start":{"line":26,"column":20},"end":{"line":26,"column":70}},{"start":{"line":27,"column":20},"end":{"line":27,"column":71}},{"start":{"line":28,"column":20},"end":{"line":28,"column":29}}]},"2":{"line":30,"type":"binary-expr","locations":[{"start":{"line":30,"column":23},"end":{"line":30,"column":37}},{"start":{"line":31,"column":20},"end":{"line":31,"column":61}},{"start":{"line":32,"column":20},"end":{"line":32,"column":70}},{"start":{"line":33,"column":20},"end":{"line":33,"column":26}}]},"3":{"line":37,"type":"cond-expr","locations":[{"start":{"line":38,"column":14},"end":{"line":38,"column":20}},{"start":{"line":39,"column":14},"end":{"line":39,"column":20}}]},"4":{"line":41,"type":"binary-expr","locations":[{"start":{"line":41,"column":16},"end":{"line":41,"column":44}},{"start":{"line":41,"column":48},"end":{"line":41,"column":53}}]},"5":{"line":45,"type":"if","locations":[{"start":{"line":45,"column":8},"end":{"line":45,"column":8}},{"start":{"line":45,"column":8},"end":{"line":45,"column":8}}]}},"code":["/* istanbul instrument in package npmtest_discord_io */","/*jslint","    bitwise: true,","    browser: true,","    maxerr: 8,","    maxlen: 96,","    node: true,","    nomen: true,","    regexp: true,","    stupid: true","*/","(function () {","    'use strict';","    var local;","","","","    // run shared js-env code - pre-init","    (function () {","        // init local","        local = {};","        // init modeJs","        local.modeJs = (function () {","            try {","                return typeof navigator.userAgent === 'string' &&","                    typeof document.querySelector('body') === 'object' &&","                    typeof XMLHttpRequest.prototype.open === 'function' &&","                    'browser';","            } catch (errorCaughtBrowser) {","                return module.exports &&","                    typeof process.versions.node === 'string' &&","                    typeof require('http').createServer === 'function' &&","                    'node';","            }","        }());","        // init global","        local.global = local.modeJs === 'browser'","            ? window","            : global;","        // init utility2_rollup","        local = local.global.utility2_rollup || local;","        // init lib","        local.local = local.npmtest_discord_io = local;","        // init exports","        if (local.modeJs === 'browser') {","            local.global.utility2_npmtest_discord_io = local;","        } else {","            module.exports = local;","            module.exports.__dirname = __dirname;","            module.exports.module = module;","        }","    }());","}());",""],"l":{"12":2,"14":2,"19":2,"21":2,"23":2,"24":2,"25":2,"30":1,"37":2,"41":2,"43":2,"45":2,"46":1,"48":1,"49":1,"50":1}},"/home/travis/build/npmtest/node-npmtest-discord.io/example.js":{"path":"/home/travis/build/npmtest/node-npmtest-discord.io/example.js","s":{"1":2,"2":2,"3":2,"4":2,"5":2,"6":2,"7":2,"8":1,"9":2,"10":2,"11":2,"12":2,"13":1,"14":2,"15":2,"16":2,"17":2,"18":2,"19":0,"20":2,"21":1,"22":1,"23":1,"24":1,"25":1,"26":0,"27":0,"28":1,"29":1,"30":2,"31":0,"32":0,"33":0,"34":1,"35":2,"36":2,"37":2,"38":2,"39":2,"40":2,"41":0,"42":2,"43":2,"44":2,"45":1,"46":3,"47":1,"48":1,"49":1,"50":1,"51":1,"52":1,"53":1,"54":1,"55":1,"56":1,"57":0,"58":1,"59":6,"60":6,"61":1,"62":2,"63":0,"64":2,"65":1,"66":1,"67":0,"68":0,"69":0,"70":0,"71":0,"72":0,"73":0,"74":0,"75":0,"76":0,"77":0,"78":0,"79":0,"80":0,"81":0,"82":0,"83":0},"b":{"1":[2,1,1,1],"2":[1,1,1,1],"3":[1,1],"4":[2,2],"5":[1,1],"6":[1,1],"7":[2,0],"8":[2,1,1,1,1,1],"9":[0,2,0],"10":[1,1],"11":[2,1,1],"12":[1,0],"13":[0,2],"14":[2,0,0,0,0,0,0],"15":[0,2],"16":[2,0],"17":[1,1],"18":[0,1],"19":[1,2,0,2],"20":[1,0],"21":[1,1],"22":[0,0],"23":[0,0],"24":[0,0],"25":[0,0],"26":[0,0],"27":[0,0],"28":[0,0]},"f":{"1":2,"2":2,"3":2,"4":2,"5":2,"6":2,"7":2,"8":2,"9":3,"10":1,"11":6,"12":0},"fnMap":{"1":{"name":"(anonymous_1)","line":26,"loc":{"start":{"line":26,"column":1},"end":{"line":26,"column":13}}},"2":{"name":"(anonymous_2)","line":33,"loc":{"start":{"line":33,"column":5},"end":{"line":33,"column":17}}},"3":{"name":"(anonymous_3)","line":37,"loc":{"start":{"line":37,"column":24},"end":{"line":37,"column":36}}},"4":{"name":"(anonymous_4)","line":69,"loc":{"start":{"line":69,"column":31},"end":{"line":69,"column":48}},"skip":true},"5":{"name":"(anonymous_5)","line":78,"loc":{"start":{"line":78,"column":26},"end":{"line":78,"column":45}},"skip":true},"6":{"name":"(anonymous_6)","line":123,"loc":{"start":{"line":123,"column":33},"end":{"line":123,"column":48}},"skip":true},"7":{"name":"(anonymous_7)","line":125,"loc":{"start":{"line":125,"column":27},"end":{"line":125,"column":39}},"skip":true},"8":{"name":"(anonymous_8)","line":133,"loc":{"start":{"line":133,"column":59},"end":{"line":133,"column":74}},"skip":true},"9":{"name":"(anonymous_9)","line":143,"loc":{"start":{"line":143,"column":45},"end":{"line":143,"column":62}},"skip":true},"10":{"name":"(anonymous_10)","line":144,"loc":{"start":{"line":144,"column":73},"end":{"line":144,"column":92}},"skip":true},"11":{"name":"(anonymous_11)","line":272,"loc":{"start":{"line":272,"column":51},"end":{"line":272,"column":77}},"skip":true},"12":{"name":"(anonymous_12)","line":314,"loc":{"start":{"line":314,"column":32},"end":{"line":314,"column":61}},"skip":true}},"statementMap":{"1":{"start":{"line":26,"column":0},"end":{"line":325,"column":5}},"2":{"start":{"line":28,"column":4},"end":{"line":28,"column":14}},"3":{"start":{"line":33,"column":4},"end":{"line":60,"column":9}},"4":{"start":{"line":35,"column":8},"end":{"line":35,"column":19}},"5":{"start":{"line":37,"column":8},"end":{"line":49,"column":13}},"6":{"start":{"line":38,"column":12},"end":{"line":48,"column":13}},"7":{"start":{"line":39,"column":16},"end":{"line":42,"column":30}},"8":{"start":{"line":44,"column":16},"end":{"line":47,"column":27}},"9":{"start":{"line":51,"column":8},"end":{"line":53,"column":21}},"10":{"start":{"line":55,"column":8},"end":{"line":57,"column":45}},"11":{"start":{"line":59,"column":8},"end":{"line":59,"column":35}},"12":{"start":{"line":61,"column":4},"end":{"line":324,"column":5}},"13":{"start":{"line":69,"column":8},"end":{"line":121,"column":10},"skip":true},"14":{"start":{"line":70,"column":12},"end":{"line":88,"column":13},"skip":true},"15":{"start":{"line":76,"column":16},"end":{"line":87,"column":19},"skip":true},"16":{"start":{"line":79,"column":20},"end":{"line":86,"column":21},"skip":true},"17":{"start":{"line":82,"column":24},"end":{"line":82,"column":43},"skip":true},"18":{"start":{"line":83,"column":24},"end":{"line":83,"column":30},"skip":true},"19":{"start":{"line":85,"column":24},"end":{"line":85,"column":49},"skip":true},"20":{"start":{"line":89,"column":12},"end":{"line":107,"column":13},"skip":true},"21":{"start":{"line":92,"column":16},"end":{"line":102,"column":17},"skip":true},"22":{"start":{"line":93,"column":20},"end":{"line":93,"column":86},"skip":true},"23":{"start":{"line":94,"column":20},"end":{"line":95,"column":45},"skip":true},"24":{"start":{"line":96,"column":20},"end":{"line":96,"column":42},"skip":true},"25":{"start":{"line":97,"column":20},"end":{"line":97,"column":48},"skip":true},"26":{"start":{"line":100,"column":20},"end":{"line":100,"column":85},"skip":true},"27":{"start":{"line":101,"column":20},"end":{"line":101,"column":96},"skip":true},"28":{"start":{"line":103,"column":16},"end":{"line":103,"column":22},"skip":true},"29":{"start":{"line":106,"column":16},"end":{"line":106,"column":22},"skip":true},"30":{"start":{"line":108,"column":12},"end":{"line":120,"column":13},"skip":true},"31":{"start":{"line":114,"column":16},"end":{"line":119,"column":17},"skip":true},"32":{"start":{"line":116,"column":20},"end":{"line":116,"column":78},"skip":true},"33":{"start":{"line":118,"column":20},"end":{"line":118,"column":47},"skip":true},"34":{"start":{"line":123,"column":8},"end":{"line":141,"column":11},"skip":true},"35":{"start":{"line":124,"column":12},"end":{"line":124,"column":54},"skip":true},"36":{"start":{"line":125,"column":12},"end":{"line":140,"column":14},"skip":true},"37":{"start":{"line":126,"column":16},"end":{"line":126,"column":28},"skip":true},"38":{"start":{"line":127,"column":16},"end":{"line":127,"column":69},"skip":true},"39":{"start":{"line":128,"column":16},"end":{"line":128,"column":75},"skip":true},"40":{"start":{"line":129,"column":16},"end":{"line":131,"column":17},"skip":true},"41":{"start":{"line":130,"column":20},"end":{"line":130,"column":27},"skip":true},"42":{"start":{"line":133,"column":16},"end":{"line":137,"column":36},"skip":true},"43":{"start":{"line":134,"column":20},"end":{"line":136,"column":55},"skip":true},"44":{"start":{"line":139,"column":16},"end":{"line":139,"column":57},"skip":true},"45":{"start":{"line":143,"column":8},"end":{"line":147,"column":11},"skip":true},"46":{"start":{"line":144,"column":12},"end":{"line":146,"column":15},"skip":true},"47":{"start":{"line":145,"column":16},"end":{"line":145,"column":70},"skip":true},"48":{"start":{"line":149,"column":8},"end":{"line":149,"column":31},"skip":true},"49":{"start":{"line":150,"column":8},"end":{"line":150,"column":14},"skip":true},"50":{"start":{"line":158,"column":8},"end":{"line":158,"column":31},"skip":true},"51":{"start":{"line":160,"column":8},"end":{"line":160,"column":33},"skip":true},"52":{"start":{"line":161,"column":8},"end":{"line":161,"column":37},"skip":true},"53":{"start":{"line":162,"column":8},"end":{"line":162,"column":35},"skip":true},"54":{"start":{"line":164,"column":8},"end":{"line":164,"column":50},"skip":true},"55":{"start":{"line":166,"column":8},"end":{"line":256,"column":2},"skip":true},"56":{"start":{"line":258,"column":8},"end":{"line":286,"column":9},"skip":true},"57":{"start":{"line":259,"column":12},"end":{"line":269,"column":14},"skip":true},"58":{"start":{"line":271,"column":12},"end":{"line":285,"column":19},"skip":true},"59":{"start":{"line":274,"column":20},"end":{"line":274,"column":35},"skip":true},"60":{"start":{"line":275,"column":20},"end":{"line":284,"column":21},"skip":true},"61":{"start":{"line":277,"column":24},"end":{"line":277,"column":64},"skip":true},"62":{"start":{"line":279,"column":24},"end":{"line":279,"column":40},"skip":true},"63":{"start":{"line":281,"column":24},"end":{"line":281,"column":40},"skip":true},"64":{"start":{"line":283,"column":24},"end":{"line":283,"column":39},"skip":true},"65":{"start":{"line":288,"column":8},"end":{"line":290,"column":9},"skip":true},"66":{"start":{"line":289,"column":12},"end":{"line":289,"column":18},"skip":true},"67":{"start":{"line":291,"column":8},"end":{"line":293,"column":54},"skip":true},"68":{"start":{"line":294,"column":8},"end":{"line":301,"column":37},"skip":true},"69":{"start":{"line":302,"column":8},"end":{"line":302,"column":82},"skip":true},"70":{"start":{"line":305,"column":8},"end":{"line":307,"column":9},"skip":true},"71":{"start":{"line":306,"column":12},"end":{"line":306,"column":82},"skip":true},"72":{"start":{"line":309,"column":8},"end":{"line":311,"column":9},"skip":true},"73":{"start":{"line":310,"column":12},"end":{"line":310,"column":18},"skip":true},"74":{"start":{"line":312,"column":8},"end":{"line":312,"column":54},"skip":true},"75":{"start":{"line":313,"column":8},"end":{"line":313,"column":69},"skip":true},"76":{"start":{"line":314,"column":8},"end":{"line":322,"column":36},"skip":true},"77":{"start":{"line":315,"column":12},"end":{"line":315,"column":61},"skip":true},"78":{"start":{"line":316,"column":12},"end":{"line":319,"column":13},"skip":true},"79":{"start":{"line":317,"column":16},"end":{"line":317,"column":75},"skip":true},"80":{"start":{"line":318,"column":16},"end":{"line":318,"column":23},"skip":true},"81":{"start":{"line":320,"column":12},"end":{"line":320,"column":38},"skip":true},"82":{"start":{"line":321,"column":12},"end":{"line":321,"column":27},"skip":true},"83":{"start":{"line":323,"column":8},"end":{"line":323,"column":14},"skip":true}},"branchMap":{"1":{"line":39,"type":"binary-expr","locations":[{"start":{"line":39,"column":23},"end":{"line":39,"column":62}},{"start":{"line":40,"column":20},"end":{"line":40,"column":70}},{"start":{"line":41,"column":20},"end":{"line":41,"column":71}},{"start":{"line":42,"column":20},"end":{"line":42,"column":29}}]},"2":{"line":44,"type":"binary-expr","locations":[{"start":{"line":44,"column":23},"end":{"line":44,"column":37}},{"start":{"line":45,"column":20},"end":{"line":45,"column":61}},{"start":{"line":46,"column":20},"end":{"line":46,"column":70}},{"start":{"line":47,"column":20},"end":{"line":47,"column":26}}]},"3":{"line":51,"type":"cond-expr","locations":[{"start":{"line":52,"column":14},"end":{"line":52,"column":20}},{"start":{"line":53,"column":14},"end":{"line":53,"column":20}}]},"4":{"line":55,"type":"binary-expr","locations":[{"start":{"line":55,"column":16},"end":{"line":55,"column":44}},{"start":{"line":55,"column":49},"end":{"line":57,"column":43}}]},"5":{"line":55,"type":"cond-expr","locations":[{"start":{"line":56,"column":14},"end":{"line":56,"column":54}},{"start":{"line":57,"column":14},"end":{"line":57,"column":43}}]},"6":{"line":61,"type":"switch","locations":[{"start":{"line":68,"column":4},"end":{"line":150,"column":14},"skip":true},{"start":{"line":156,"column":4},"end":{"line":323,"column":14},"skip":true}]},"7":{"line":70,"type":"if","locations":[{"start":{"line":70,"column":12},"end":{"line":70,"column":12},"skip":true},{"start":{"line":70,"column":12},"end":{"line":70,"column":12},"skip":true}]},"8":{"line":70,"type":"binary-expr","locations":[{"start":{"line":70,"column":16},"end":{"line":70,"column":22},"skip":true},{"start":{"line":70,"column":27},"end":{"line":70,"column":32},"skip":true},{"start":{"line":71,"column":20},"end":{"line":71,"column":39},"skip":true},{"start":{"line":72,"column":20},"end":{"line":72,"column":49},"skip":true},{"start":{"line":73,"column":20},"end":{"line":73,"column":58},"skip":true},{"start":{"line":74,"column":20},"end":{"line":74,"column":69},"skip":true}]},"9":{"line":79,"type":"switch","locations":[{"start":{"line":80,"column":20},"end":{"line":80,"column":33},"skip":true},{"start":{"line":81,"column":20},"end":{"line":83,"column":30},"skip":true},{"start":{"line":84,"column":20},"end":{"line":85,"column":49},"skip":true}]},"10":{"line":89,"type":"switch","locations":[{"start":{"line":90,"column":12},"end":{"line":103,"column":22},"skip":true},{"start":{"line":105,"column":12},"end":{"line":106,"column":22},"skip":true}]},"11":{"line":89,"type":"binary-expr","locations":[{"start":{"line":89,"column":20},"end":{"line":89,"column":25},"skip":true},{"start":{"line":89,"column":29},"end":{"line":89,"column":48},"skip":true},{"start":{"line":89,"column":52},"end":{"line":89,"column":74},"skip":true}]},"12":{"line":92,"type":"if","locations":[{"start":{"line":92,"column":16},"end":{"line":92,"column":16},"skip":true},{"start":{"line":92,"column":16},"end":{"line":92,"column":16},"skip":true}]},"13":{"line":108,"type":"if","locations":[{"start":{"line":108,"column":12},"end":{"line":108,"column":12},"skip":true},{"start":{"line":108,"column":12},"end":{"line":108,"column":12},"skip":true}]},"14":{"line":108,"type":"binary-expr","locations":[{"start":{"line":108,"column":16},"end":{"line":108,"column":61},"skip":true},{"start":{"line":108,"column":66},"end":{"line":108,"column":72},"skip":true},{"start":{"line":108,"column":77},"end":{"line":108,"column":82},"skip":true},{"start":{"line":109,"column":20},"end":{"line":109,"column":39},"skip":true},{"start":{"line":110,"column":20},"end":{"line":110,"column":49},"skip":true},{"start":{"line":111,"column":20},"end":{"line":111,"column":58},"skip":true},{"start":{"line":112,"column":20},"end":{"line":112,"column":68},"skip":true}]},"15":{"line":129,"type":"if","locations":[{"start":{"line":129,"column":16},"end":{"line":129,"column":16},"skip":true},{"start":{"line":129,"column":16},"end":{"line":129,"column":16},"skip":true}]},"16":{"line":134,"type":"cond-expr","locations":[{"start":{"line":135,"column":26},"end":{"line":135,"column":29},"skip":true},{"start":{"line":136,"column":26},"end":{"line":136,"column":54},"skip":true}]},"17":{"line":164,"type":"binary-expr","locations":[{"start":{"line":164,"column":27},"end":{"line":164,"column":43},"skip":true},{"start":{"line":164,"column":47},"end":{"line":164,"column":49},"skip":true}]},"18":{"line":258,"type":"if","locations":[{"start":{"line":258,"column":8},"end":{"line":258,"column":8},"skip":true},{"start":{"line":258,"column":8},"end":{"line":258,"column":8},"skip":true}]},"19":{"line":275,"type":"switch","locations":[{"start":{"line":276,"column":20},"end":{"line":277,"column":64},"skip":true},{"start":{"line":278,"column":20},"end":{"line":279,"column":40},"skip":true},{"start":{"line":280,"column":20},"end":{"line":281,"column":40},"skip":true},{"start":{"line":282,"column":20},"end":{"line":283,"column":39},"skip":true}]},"20":{"line":288,"type":"if","locations":[{"start":{"line":288,"column":8},"end":{"line":288,"column":8},"skip":true},{"start":{"line":288,"column":8},"end":{"line":288,"column":8},"skip":true}]},"21":{"line":288,"type":"binary-expr","locations":[{"start":{"line":288,"column":12},"end":{"line":288,"column":40},"skip":true},{"start":{"line":288,"column":44},"end":{"line":288,"column":67},"skip":true}]},"22":{"line":292,"type":"binary-expr","locations":[{"start":{"line":292,"column":12},"end":{"line":292,"column":50},"skip":true},{"start":{"line":293,"column":12},"end":{"line":293,"column":53},"skip":true}]},"23":{"line":295,"type":"binary-expr","locations":[{"start":{"line":295,"column":12},"end":{"line":295,"column":68},"skip":true},{"start":{"line":296,"column":12},"end":{"line":301,"column":36},"skip":true}]},"24":{"line":302,"type":"binary-expr","locations":[{"start":{"line":302,"column":43},"end":{"line":302,"column":75},"skip":true},{"start":{"line":302,"column":79},"end":{"line":302,"column":81},"skip":true}]},"25":{"line":305,"type":"if","locations":[{"start":{"line":305,"column":8},"end":{"line":305,"column":8},"skip":true},{"start":{"line":305,"column":8},"end":{"line":305,"column":8},"skip":true}]},"26":{"line":309,"type":"if","locations":[{"start":{"line":309,"column":8},"end":{"line":309,"column":8},"skip":true},{"start":{"line":309,"column":8},"end":{"line":309,"column":8},"skip":true}]},"27":{"line":312,"type":"binary-expr","locations":[{"start":{"line":312,"column":27},"end":{"line":312,"column":43},"skip":true},{"start":{"line":312,"column":47},"end":{"line":312,"column":53},"skip":true}]},"28":{"line":316,"type":"if","locations":[{"start":{"line":316,"column":12},"end":{"line":316,"column":12},"skip":true},{"start":{"line":316,"column":12},"end":{"line":316,"column":12},"skip":true}]}},"code":["/*","example.js","","quickstart example","","instruction","    1. save this script as example.js","    2. run the shell command:","        $ npm install npmtest-discord.io && PORT=8081 node example.js","    3. play with the browser-demo on http://127.0.0.1:8081","*/","","","","/* istanbul instrument in package npmtest_discord_io */","/*jslint","    bitwise: true,","    browser: true,","    maxerr: 8,","    maxlen: 96,","    node: true,","    nomen: true,","    regexp: true,","    stupid: true","*/","(function () {","    'use strict';","    var local;","","","","    // run shared js-env code - pre-init","    (function () {","        // init local","        local = {};","        // init modeJs","        local.modeJs = (function () {","            try {","                return typeof navigator.userAgent === 'string' &&","                    typeof document.querySelector('body') === 'object' &&","                    typeof XMLHttpRequest.prototype.open === 'function' &&","                    'browser';","            } catch (errorCaughtBrowser) {","                return module.exports &&","                    typeof process.versions.node === 'string' &&","                    typeof require('http').createServer === 'function' &&","                    'node';","            }","        }());","        // init global","        local.global = local.modeJs === 'browser'","            ? window","            : global;","        // init utility2_rollup","        local = local.global.utility2_rollup || (local.modeJs === 'browser'","            ? local.global.utility2_npmtest_discord_io","            : global.utility2_moduleExports);","        // export local","        local.global.local = local;","    }());","    switch (local.modeJs) {","","","","    // post-init","    // run browser js-env code - post-init","    /* istanbul ignore next */","    case 'browser':","        local.testRunBrowser = function (event) {","            if (!event || (event &&","                    event.currentTarget &&","                    event.currentTarget.className &&","                    event.currentTarget.className.includes &&","                    event.currentTarget.className.includes('onreset'))) {","                // reset output","                Array.from(","                    document.querySelectorAll('body > .resettable')","                ).forEach(function (element) {","                    switch (element.tagName) {","                    case 'INPUT':","                    case 'TEXTAREA':","                        element.value = '';","                        break;","                    default:","                        element.textContent = '';","                    }","                });","            }","            switch (event && event.currentTarget && event.currentTarget.id) {","            case 'testRunButton1':","                // show tests","                if (document.querySelector('#testReportDiv1').style.display === 'none') {","                    document.querySelector('#testReportDiv1').style.display = 'block';","                    document.querySelector('#testRunButton1').textContent =","                        'hide internal test';","                    local.modeTest = true;","                    local.testRunDefault(local);","                // hide tests","                } else {","                    document.querySelector('#testReportDiv1').style.display = 'none';","                    document.querySelector('#testRunButton1').textContent = 'run internal test';","                }","                break;","            // custom-case","            default:","                break;","            }","            if (document.querySelector('#inputTextareaEval1') && (!event || (event &&","                    event.currentTarget &&","                    event.currentTarget.className &&","                    event.currentTarget.className.includes &&","                    event.currentTarget.className.includes('oneval')))) {","                // try to eval input-code","                try {","                    /*jslint evil: true*/","                    eval(document.querySelector('#inputTextareaEval1').value);","                } catch (errorCaught) {","                    console.error(errorCaught);","                }","            }","        };","        // log stderr and stdout to #outputTextareaStdout1","        ['error', 'log'].forEach(function (key) {","            console[key + '_original'] = console[key];","            console[key] = function () {","                var element;","                console[key + '_original'].apply(console, arguments);","                element = document.querySelector('#outputTextareaStdout1');","                if (!element) {","                    return;","                }","                // append text to #outputTextareaStdout1","                element.value += Array.from(arguments).map(function (arg) {","                    return typeof arg === 'string'","                        ? arg","                        : JSON.stringify(arg, null, 4);","                }).join(' ') + '\\n';","                // scroll textarea to bottom","                element.scrollTop = element.scrollHeight;","            };","        });","        // init event-handling","        ['change', 'click', 'keyup'].forEach(function (event) {","            Array.from(document.querySelectorAll('.on' + event)).forEach(function (element) {","                element.addEventListener(event, local.testRunBrowser);","            });","        });","        // run tests","        local.testRunBrowser();","        break;","","","","    // run node js-env code - post-init","    /* istanbul ignore next */","    case 'node':","        // export local","        module.exports = local;","        // require modules","        local.fs = require('fs');","        local.http = require('http');","        local.url = require('url');","        // init assets","        local.assetsDict = local.assetsDict || {};","        /* jslint-ignore-begin */","        local.assetsDict['/assets.index.template.html'] = '\\","<!doctype html>\\n\\","<html lang=\"en\">\\n\\","<head>\\n\\","<meta charset=\"UTF-8\">\\n\\","<meta name=\"viewport\" content=\"width=device-width, initial-scale=1\">\\n\\","<title>{{env.npm_package_name}} (v{{env.npm_package_version}})</title>\\n\\","<style>\\n\\","/*csslint\\n\\","    box-sizing: false,\\n\\","    universal-selector: false\\n\\","*/\\n\\","* {\\n\\","    box-sizing: border-box;\\n\\","}\\n\\","body {\\n\\","    background: #dde;\\n\\","    font-family: Arial, Helvetica, sans-serif;\\n\\","    margin: 2rem;\\n\\","}\\n\\","body > * {\\n\\","    margin-bottom: 1rem;\\n\\","}\\n\\",".utility2FooterDiv {\\n\\","    margin-top: 20px;\\n\\","    text-align: center;\\n\\","}\\n\\","</style>\\n\\","<style>\\n\\","/*csslint\\n\\","*/\\n\\","textarea {\\n\\","    font-family: monospace;\\n\\","    height: 10rem;\\n\\","    width: 100%;\\n\\","}\\n\\","textarea[readonly] {\\n\\","    background: #ddd;\\n\\","}\\n\\","</style>\\n\\","</head>\\n\\","<body>\\n\\","<!-- utility2-comment\\n\\","<div id=\"ajaxProgressDiv1\" style=\"background: #d00; height: 2px; left: 0; margin: 0; padding: 0; position: fixed; top: 0; transition: background 0.5s, width 1.5s; width: 25%;\"></div>\\n\\","utility2-comment -->\\n\\","<h1>\\n\\","<!-- utility2-comment\\n\\","    <a\\n\\","        {{#if env.npm_package_homepage}}\\n\\","        href=\"{{env.npm_package_homepage}}\"\\n\\","        {{/if env.npm_package_homepage}}\\n\\","        target=\"_blank\"\\n\\","    >\\n\\","utility2-comment -->\\n\\","        {{env.npm_package_name}} (v{{env.npm_package_version}})\\n\\","<!-- utility2-comment\\n\\","    </a>\\n\\","utility2-comment -->\\n\\","</h1>\\n\\","<h3>{{env.npm_package_description}}</h3>\\n\\","<!-- utility2-comment\\n\\","<h4><a download href=\"assets.app.js\">download standalone app</a></h4>\\n\\","<button class=\"onclick onreset\" id=\"testRunButton1\">run internal test</button><br>\\n\\","<div id=\"testReportDiv1\" style=\"display: none;\"></div>\\n\\","utility2-comment -->\\n\\","\\n\\","\\n\\","\\n\\","<label>stderr and stdout</label>\\n\\","<textarea class=\"resettable\" id=\"outputTextareaStdout1\" readonly></textarea>\\n\\","<!-- utility2-comment\\n\\","{{#if isRollup}}\\n\\","<script src=\"assets.app.js\"></script>\\n\\","{{#unless isRollup}}\\n\\","utility2-comment -->\\n\\","<script src=\"assets.utility2.rollup.js\"></script>\\n\\","<script src=\"jsonp.utility2._stateInit?callback=window.utility2._stateInit\"></script>\\n\\","<script src=\"assets.npmtest_discord_io.rollup.js\"></script>\\n\\","<script src=\"assets.example.js\"></script>\\n\\","<script src=\"assets.test.js\"></script>\\n\\","<!-- utility2-comment\\n\\","{{/if isRollup}}\\n\\","utility2-comment -->\\n\\","<div class=\"utility2FooterDiv\">\\n\\","    [ this app was created with\\n\\","    <a href=\"https://github.com/kaizhu256/node-utility2\" target=\"_blank\">utility2</a>\\n\\","    ]\\n\\","</div>\\n\\","</body>\\n\\","</html>\\n\\","';","        /* jslint-ignore-end */","        if (local.templateRender) {","            local.assetsDict['/'] = local.templateRender(","                local.assetsDict['/assets.index.template.html'],","                {","                    env: local.objectSetDefault(local.env, {","                        npm_package_description: 'the greatest app in the world!',","                        npm_package_name: 'my-app',","                        npm_package_nameAlias: 'my_app',","                        npm_package_version: '0.0.1'","                    })","                }","            );","        } else {","            local.assetsDict['/'] = local.assetsDict['/assets.index.template.html']","                .replace((/\\{\\{env\\.(\\w+?)\\}\\}/g), function (match0, match1) {","                    // jslint-hack","                    String(match0);","                    switch (match1) {","                    case 'npm_package_description':","                        return 'the greatest app in the world!';","                    case 'npm_package_name':","                        return 'my-app';","                    case 'npm_package_nameAlias':","                        return 'my_app';","                    case 'npm_package_version':","                        return '0.0.1';","                    }","                });","        }","        // run the cli","        if (local.global.utility2_rollup || module !== require.main) {","            break;","        }","        local.assetsDict['/assets.example.js'] =","            local.assetsDict['/assets.example.js'] ||","            local.fs.readFileSync(__filename, 'utf8');","        local.assetsDict['/assets.npmtest_discord_io.rollup.js'] =","            local.assetsDict['/assets.npmtest_discord_io.rollup.js'] ||","            local.fs.readFileSync(","                // buildCustomOrg-hack","                local.npmtest_discord_io.__dirname +","                    '/lib.npmtest_discord_io.js',","                'utf8'","            ).replace((/^#!/), '//');","        local.assetsDict['/favicon.ico'] = local.assetsDict['/favicon.ico'] || '';","        // if $npm_config_timeout_exit exists,","        // then exit this process after $npm_config_timeout_exit ms","        if (Number(process.env.npm_config_timeout_exit)) {","            setTimeout(process.exit, Number(process.env.npm_config_timeout_exit));","        }","        // start server","        if (local.global.utility2_serverHttp1) {","            break;","        }","        process.env.PORT = process.env.PORT || '8081';","        console.error('server starting on port ' + process.env.PORT);","        local.http.createServer(function (request, response) {","            request.urlParsed = local.url.parse(request.url);","            if (local.assetsDict[request.urlParsed.pathname] !== undefined) {","                response.end(local.assetsDict[request.urlParsed.pathname]);","                return;","            }","            response.statusCode = 404;","            response.end();","        }).listen(process.env.PORT);","        break;","    }","}());",""],"l":{"26":2,"28":2,"33":2,"35":2,"37":2,"38":2,"39":2,"44":1,"51":2,"55":2,"59":2,"61":2,"69":1,"70":2,"76":2,"79":2,"82":2,"83":2,"85":1,"89":2,"92":1,"93":1,"94":1,"96":1,"97":1,"100":1,"101":1,"103":1,"106":1,"108":2,"114":1,"116":1,"118":1,"123":1,"124":2,"125":2,"126":2,"127":2,"128":2,"129":2,"130":1,"133":2,"134":2,"139":2,"143":1,"144":3,"145":1,"149":1,"150":1,"158":1,"160":1,"161":1,"162":1,"164":1,"166":1,"258":1,"259":1,"271":1,"274":6,"275":6,"277":1,"279":2,"281":1,"283":2,"288":1,"289":1,"291":1,"294":1,"302":1,"305":1,"306":1,"309":1,"310":1,"312":1,"313":1,"314":1,"315":1,"316":1,"317":1,"318":1,"320":1,"321":1,"323":1}},"/home/travis/build/npmtest/node-npmtest-discord.io/node_modules/discord.io/lib/index.js":{"path":"/home/travis/build/npmtest/node-npmtest-discord.io/node_modules/discord.io/lib/index.js","s":{"1":1,"2":1,"3":1,"4":1,"5":1,"6":1,"7":1,"8":1,"9":0,"10":1,"11":0,"12":0,"13":0,"14":0,"15":0,"16":0,"17":0,"18":0,"19":0,"20":0,"21":0,"22":1,"23":1,"24":1,"25":1,"26":0,"27":0,"28":1,"29":0,"30":0,"31":1,"32":0,"33":0,"34":0,"35":0,"36":1,"37":0,"38":0,"39":0,"40":0,"41":0,"42":0,"43":0,"44":0,"45":0,"46":1,"47":0,"48":0,"49":0,"50":0,"51":0,"52":1,"53":0,"54":0,"55":1,"56":0,"57":0,"58":1,"59":0,"60":0,"61":0,"62":0,"63":0,"64":0,"65":0,"66":0,"67":0,"68":0,"69":0,"70":0,"71":0,"72":0,"73":0,"74":0,"75":1,"76":0,"77":0,"78":0,"79":0,"80":0,"81":0,"82":1,"83":0,"84":0,"85":1,"86":0,"87":0,"88":0,"89":0,"90":0,"91":0,"92":0,"93":0,"94":0,"95":0,"96":0,"97":0,"98":0,"99":0,"100":0,"101":0,"102":0,"103":0,"104":0,"105":0,"106":0,"107":0,"108":0,"109":1,"110":0,"111":0,"112":1,"113":0,"114":0,"115":1,"116":0,"117":0,"118":1,"119":0,"120":0,"121":1,"122":0,"123":0,"124":1,"125":0,"126":0,"127":1,"128":0,"129":0,"130":1,"131":0,"132":0,"133":0,"134":0,"135":0,"136":0,"137":0,"138":0,"139":0,"140":0,"141":0,"142":0,"143":0,"144":0,"145":0,"146":1,"147":0,"148":0,"149":1,"150":0,"151":0,"152":0,"153":1,"154":0,"155":0,"156":1,"157":0,"158":0,"159":1,"160":0,"161":0,"162":1,"163":0,"164":0,"165":0,"166":0,"167":0,"168":0,"169":1,"170":0,"171":0,"172":1,"173":0,"174":0,"175":1,"176":0,"177":0,"178":1,"179":0,"180":0,"181":1,"182":0,"183":0,"184":1,"185":0,"186":0,"187":1,"188":0,"189":0,"190":0,"191":0,"192":0,"193":0,"194":0,"195":0,"196":0,"197":0,"198":0,"199":0,"200":0,"201":1,"202":0,"203":0,"204":0,"205":0,"206":0,"207":0,"208":0,"209":0,"210":0,"211":0,"212":0,"213":0,"214":0,"215":0,"216":0,"217":0,"218":0,"219":0,"220":0,"221":0,"222":0,"223":1,"224":0,"225":0,"226":0,"227":0,"228":0,"229":0,"230":0,"231":1,"232":0,"233":0,"234":0,"235":1,"236":0,"237":0,"238":0,"239":0,"240":0,"241":0,"242":0,"243":0,"244":0,"245":0,"246":1,"247":0,"248":0,"249":1,"250":0,"251":0,"252":1,"253":0,"254":0,"255":1,"256":0,"257":0,"258":1,"259":0,"260":0,"261":0,"262":0,"263":0,"264":0,"265":0,"266":0,"267":0,"268":0,"269":0,"270":0,"271":1,"272":0,"273":0,"274":0,"275":0,"276":0,"277":0,"278":0,"279":0,"280":0,"281":0,"282":0,"283":0,"284":1,"285":0,"286":0,"287":1,"288":0,"289":0,"290":1,"291":0,"292":0,"293":1,"294":0,"295":0,"296":1,"297":0,"298":0,"299":0,"300":0,"301":0,"302":0,"303":0,"304":1,"305":0,"306":0,"307":0,"308":0,"309":0,"310":1,"311":0,"312":0,"313":1,"314":0,"315":0,"316":0,"317":0,"318":0,"319":0,"320":0,"321":0,"322":0,"323":0,"324":0,"325":0,"326":0,"327":0,"328":0,"329":0,"330":0,"331":0,"332":1,"333":0,"334":0,"335":0,"336":0,"337":0,"338":0,"339":0,"340":0,"341":0,"342":0,"343":0,"344":0,"345":0,"346":0,"347":0,"348":0,"349":0,"350":0,"351":0,"352":0,"353":0,"354":0,"355":0,"356":0,"357":0,"358":0,"359":0,"360":0,"361":0,"362":0,"363":0,"364":0,"365":0,"366":0,"367":0,"368":1,"369":0,"370":0,"371":0,"372":0,"373":0,"374":0,"375":0,"376":0,"377":0,"378":0,"379":1,"380":0,"381":0,"382":0,"383":0,"384":0,"385":1,"386":0,"387":0,"388":0,"389":0,"390":0,"391":0,"392":0,"393":0,"394":0,"395":0,"396":0,"397":0,"398":0,"399":0,"400":0,"401":0,"402":0,"403":0,"404":0,"405":0,"406":0,"407":0,"408":0,"409":0,"410":1,"411":0,"412":0,"413":1,"414":0,"415":0,"416":1,"417":0,"418":0,"419":1,"420":0,"421":0,"422":0,"423":0,"424":1,"425":0,"426":0,"427":1,"428":0,"429":0,"430":1,"431":0,"432":0,"433":0,"434":0,"435":0,"436":0,"437":1,"438":0,"439":0,"440":1,"441":0,"442":0,"443":1,"444":0,"445":0,"446":1,"447":0,"448":0,"449":1,"450":0,"451":0,"452":0,"453":0,"454":0,"455":0,"456":0,"457":0,"458":0,"459":1,"460":0,"461":0,"462":0,"463":0,"464":0,"465":0,"466":0,"467":0,"468":0,"469":0,"470":0,"471":0,"472":0,"473":0,"474":1,"475":0,"476":0,"477":0,"478":1,"479":0,"480":0,"481":0,"482":0,"483":0,"484":0,"485":0,"486":0,"487":0,"488":0,"489":0,"490":1,"491":0,"492":0,"493":0,"494":0,"495":0,"496":0,"497":0,"498":0,"499":0,"500":0,"501":1,"502":0,"503":0,"504":0,"505":1,"506":0,"507":0,"508":0,"509":0,"510":0,"511":0,"512":0,"513":0,"514":0,"515":0,"516":0,"517":1,"518":0,"519":1,"520":0,"521":0,"522":0,"523":1,"524":0,"525":0,"526":0,"527":1,"528":0,"529":0,"530":0,"531":0,"532":0,"533":0,"534":0,"535":0,"536":1,"537":0,"538":1,"539":0,"540":0,"541":0,"542":0,"543":0,"544":0,"545":0,"546":0,"547":1,"548":0,"549":0,"550":0,"551":0,"552":1,"553":0,"554":0,"555":0,"556":0,"557":0,"558":1,"559":0,"560":0,"561":0,"562":0,"563":0,"564":0,"565":0,"566":0,"567":0,"568":0,"569":0,"570":0,"571":0,"572":0,"573":0,"574":0,"575":0,"576":0,"577":0,"578":0,"579":0,"580":0,"581":0,"582":0,"583":0,"584":0,"585":0,"586":0,"587":0,"588":0,"589":0,"590":0,"591":0,"592":0,"593":0,"594":0,"595":0,"596":0,"597":0,"598":0,"599":0,"600":0,"601":0,"602":0,"603":0,"604":0,"605":1,"606":0,"607":0,"608":1,"609":0,"610":0,"611":1,"612":0,"613":0,"614":0,"615":0,"616":0,"617":0,"618":1,"619":0,"620":0,"621":1,"622":0,"623":1,"624":0,"625":0,"626":0,"627":1,"628":0,"629":0,"630":0,"631":0,"632":1,"633":0,"634":0,"635":0,"636":0,"637":0,"638":0,"639":0,"640":0,"641":0,"642":1,"643":0,"644":0,"645":1,"646":0,"647":0,"648":0,"649":0,"650":0,"651":0,"652":0,"653":0,"654":0,"655":0,"656":0,"657":0,"658":0,"659":0,"660":1,"661":0,"662":0,"663":0,"664":0,"665":0,"666":1,"667":0,"668":1,"669":0,"670":1,"671":0,"672":1,"673":27,"674":0,"675":1,"676":27,"677":0,"678":0,"679":0,"680":0,"681":1,"682":0,"683":0,"684":1,"685":0,"686":0,"687":1,"688":0,"689":0,"690":0,"691":0,"692":0,"693":0,"694":0,"695":0,"696":1,"697":0,"698":1,"699":0,"700":0,"701":0,"702":0,"703":0,"704":0,"705":0,"706":0,"707":1,"708":0,"709":0,"710":0,"711":1,"712":0,"713":0,"714":0,"715":0,"716":0,"717":0,"718":1,"719":0,"720":0,"721":0,"722":0,"723":0,"724":1,"725":0,"726":0,"727":0,"728":0,"729":1,"730":0,"731":0,"732":0,"733":0,"734":0,"735":1,"736":0,"737":0,"738":0,"739":0,"740":1,"741":0,"742":1,"743":0,"744":0,"745":0,"746":0,"747":0,"748":0,"749":0,"750":0,"751":1,"752":0,"753":0,"754":0,"755":0,"756":0,"757":0,"758":0,"759":0,"760":0,"761":0,"762":0,"763":0,"764":0,"765":0,"766":0,"767":0,"768":0,"769":0,"770":0,"771":0,"772":0,"773":0,"774":0,"775":0,"776":0,"777":0,"778":0,"779":0,"780":0,"781":0,"782":0,"783":0,"784":0,"785":0,"786":0,"787":0,"788":0,"789":0,"790":0,"791":0,"792":0,"793":0,"794":0,"795":0,"796":0,"797":0,"798":0,"799":0,"800":0,"801":0,"802":0,"803":0,"804":0,"805":0,"806":0,"807":0,"808":0,"809":0,"810":0,"811":0,"812":0,"813":0,"814":0,"815":0,"816":0,"817":0,"818":0,"819":0,"820":0,"821":0,"822":0,"823":0,"824":0,"825":0,"826":0,"827":0,"828":0,"829":0,"830":0,"831":0,"832":0,"833":0,"834":0,"835":0,"836":0,"837":0,"838":0,"839":0,"840":0,"841":0,"842":0,"843":0,"844":0,"845":0,"846":0,"847":0,"848":0,"849":0,"850":0,"851":0,"852":0,"853":0,"854":0,"855":0,"856":0,"857":0,"858":0,"859":0,"860":0,"861":0,"862":0,"863":0,"864":0,"865":0,"866":0,"867":0,"868":0,"869":0,"870":0,"871":0,"872":0,"873":0,"874":0,"875":0,"876":0,"877":0,"878":0,"879":0,"880":0,"881":0,"882":0,"883":0,"884":0,"885":0,"886":0,"887":0,"888":0,"889":0,"890":0,"891":0,"892":0,"893":0,"894":0,"895":0,"896":0,"897":0,"898":0,"899":0,"900":0,"901":0,"902":0,"903":0,"904":0,"905":0,"906":0,"907":0,"908":0,"909":0,"910":0,"911":0,"912":0,"913":0,"914":0,"915":0,"916":0,"917":0,"918":0,"919":0,"920":0,"921":0,"922":0,"923":0,"924":0,"925":0,"926":0,"927":0,"928":0,"929":0,"930":0,"931":0,"932":0,"933":0,"934":0,"935":1,"936":0,"937":0,"938":0,"939":0,"940":0,"941":0,"942":0,"943":0,"944":0,"945":0,"946":0,"947":1,"948":0,"949":0,"950":0,"951":0,"952":0,"953":0,"954":0,"955":0,"956":0,"957":0,"958":0,"959":0,"960":0,"961":0,"962":0,"963":0,"964":0,"965":0,"966":0,"967":0,"968":0,"969":0,"970":0,"971":0,"972":0,"973":0,"974":0,"975":0,"976":0,"977":0,"978":1,"979":0,"980":0,"981":0,"982":0,"983":0,"984":0,"985":0,"986":1,"987":0,"988":0,"989":0,"990":0,"991":0,"992":0,"993":0,"994":0,"995":1,"996":0,"997":0,"998":0,"999":1,"1000":0,"1001":0,"1002":0,"1003":0,"1004":0,"1005":0,"1006":1,"1007":0,"1008":1,"1009":0,"1010":0,"1011":0,"1012":0,"1013":0,"1014":0,"1015":0,"1016":0,"1017":0,"1018":0,"1019":0,"1020":0,"1021":0,"1022":0,"1023":0,"1024":0,"1025":0,"1026":0,"1027":0,"1028":0,"1029":0,"1030":1,"1031":0,"1032":0,"1033":0,"1034":0,"1035":0,"1036":0,"1037":0,"1038":0,"1039":0,"1040":0,"1041":0,"1042":0,"1043":0,"1044":0,"1045":0,"1046":0,"1047":0,"1048":0,"1049":1,"1050":0,"1051":0,"1052":0,"1053":0,"1054":0,"1055":1,"1056":0,"1057":0,"1058":0,"1059":0,"1060":0,"1061":0,"1062":0,"1063":0,"1064":0,"1065":0,"1066":0,"1067":0,"1068":0,"1069":0,"1070":0,"1071":0,"1072":0,"1073":0,"1074":0,"1075":0,"1076":0,"1077":0,"1078":0,"1079":0,"1080":0,"1081":0,"1082":0,"1083":1,"1084":1,"1085":1,"1086":1,"1087":0,"1088":1,"1089":1,"1090":1,"1091":1,"1092":0,"1093":0,"1094":0,"1095":0,"1096":0,"1097":0,"1098":0,"1099":0,"1100":1,"1101":1,"1102":0,"1103":0,"1104":0,"1105":0,"1106":0,"1107":0,"1108":0,"1109":0,"1110":0,"1111":0,"1112":0,"1113":0,"1114":0,"1115":0,"1116":0,"1117":0,"1118":0,"1119":0,"1120":0,"1121":0,"1122":0,"1123":0,"1124":0,"1125":0,"1126":1,"1127":0,"1128":0,"1129":0,"1130":0,"1131":0,"1132":0,"1133":1,"1134":0,"1135":0,"1136":0,"1137":0,"1138":0,"1139":0,"1140":0,"1141":1,"1142":0,"1143":0,"1144":0,"1145":0,"1146":0,"1147":0,"1148":0,"1149":0,"1150":1,"1151":0,"1152":0,"1153":0,"1154":0,"1155":0,"1156":1,"1157":0,"1158":0,"1159":0,"1160":0,"1161":0,"1162":0,"1163":0,"1164":0,"1165":0,"1166":0,"1167":1,"1168":0,"1169":0,"1170":0,"1171":0,"1172":0,"1173":0,"1174":1,"1175":0,"1176":0,"1177":0,"1178":0,"1179":0,"1180":0,"1181":0,"1182":0,"1183":0,"1184":0,"1185":0,"1186":0,"1187":1,"1188":0,"1189":1,"1190":0,"1191":0,"1192":0,"1193":0,"1194":1,"1195":0,"1196":0,"1197":0,"1198":0,"1199":0,"1200":0,"1201":0,"1202":0,"1203":0,"1204":0,"1205":0,"1206":0,"1207":0,"1208":0,"1209":0,"1210":0,"1211":0,"1212":0,"1213":0,"1214":0,"1215":0,"1216":0,"1217":0,"1218":0,"1219":0,"1220":1,"1221":1,"1222":0,"1223":0,"1224":1,"1225":6,"1226":6,"1227":1,"1228":0,"1229":0,"1230":0,"1231":0,"1232":0,"1233":0,"1234":0,"1235":0,"1236":0,"1237":0,"1238":0,"1239":0,"1240":0,"1241":0,"1242":0,"1243":0,"1244":0,"1245":0,"1246":0,"1247":0,"1248":0,"1249":0,"1250":0,"1251":0,"1252":0,"1253":0,"1254":0,"1255":0,"1256":0,"1257":0,"1258":0,"1259":0,"1260":0,"1261":0,"1262":0,"1263":1,"1264":0,"1265":0,"1266":0,"1267":0,"1268":0,"1269":0,"1270":0,"1271":0,"1272":0,"1273":0,"1274":0,"1275":0,"1276":1,"1277":0,"1278":0,"1279":0,"1280":1,"1281":0,"1282":0,"1283":1,"1284":0,"1285":0,"1286":0,"1287":0,"1288":0,"1289":0,"1290":0,"1291":0,"1292":0,"1293":0,"1294":1,"1295":0,"1296":0,"1297":1,"1298":0,"1299":1,"1300":0,"1301":0,"1302":1,"1303":0,"1304":0,"1305":0,"1306":0,"1307":0,"1308":0,"1309":0,"1310":0,"1311":1,"1312":0,"1313":1,"1314":0,"1315":0,"1316":0,"1317":0,"1318":0,"1319":0,"1320":0,"1321":0,"1322":0,"1323":0,"1324":1,"1325":0,"1326":0,"1327":0,"1328":0,"1329":0,"1330":0,"1331":0,"1332":0,"1333":0,"1334":0,"1335":1,"1336":0,"1337":0,"1338":0,"1339":0,"1340":0,"1341":1,"1342":0,"1343":0,"1344":0,"1345":0,"1346":1,"1347":0,"1348":0,"1349":0,"1350":1,"1351":0,"1352":1,"1353":1,"1354":1,"1355":1,"1356":1,"1357":1,"1358":1,"1359":27,"1360":1,"1361":1,"1362":1,"1363":1,"1364":1,"1365":1,"1366":0,"1367":1,"1368":0,"1369":0,"1370":0,"1371":0,"1372":0,"1373":0,"1374":0,"1375":0,"1376":0,"1377":0,"1378":0,"1379":1,"1380":0,"1381":0,"1382":0,"1383":0,"1384":0,"1385":0,"1386":1,"1387":0,"1388":0,"1389":0,"1390":0,"1391":0,"1392":0,"1393":0,"1394":0,"1395":0,"1396":1,"1397":0,"1398":0,"1399":0,"1400":1,"1401":1,"1402":1,"1403":1,"1404":0,"1405":0,"1406":0,"1407":0,"1408":0,"1409":0,"1410":0,"1411":0,"1412":0,"1413":0,"1414":0,"1415":0,"1416":0,"1417":0,"1418":0,"1419":0,"1420":0,"1421":0,"1422":0,"1423":0,"1424":1,"1425":1,"1426":0,"1427":0,"1428":0,"1429":0,"1430":0,"1431":0,"1432":0,"1433":0,"1434":0,"1435":0},"b":{"1":[1,1],"2":[1,0],"3":[0,1],"4":[0,0],"5":[0,0],"6":[0,0],"7":[0,0],"8":[0,0],"9":[1,0],"10":[0,0],"11":[0,0],"12":[0,0],"13":[0,0],"14":[0,0],"15":[0,0],"16":[0,0],"17":[0,0],"18":[0,0],"19":[0,0],"20":[0,0],"21":[0,0],"22":[0,0],"23":[0,0],"24":[0,0],"25":[0,0],"26":[0,0],"27":[0,0],"28":[0,0],"29":[0,0],"30":[0,0],"31":[0,0],"32":[0,0],"33":[0,0],"34":[0,0],"35":[0,0],"36":[0,0],"37":[0,0],"38":[0,0],"39":[0,0],"40":[0,0],"41":[0,0],"42":[0,0],"43":[0,0],"44":[0,0],"45":[0,0],"46":[0,0],"47":[0,0],"48":[0,0],"49":[0,0],"50":[0,0],"51":[0,0],"52":[0,0],"53":[0,0],"54":[0,0],"55":[0,0],"56":[0,0],"57":[0,0],"58":[0,0],"59":[0,0],"60":[0,0],"61":[0,0],"62":[0,0],"63":[0,0],"64":[0,0],"65":[0,0],"66":[0,0],"67":[0,0],"68":[0,0],"69":[0,0],"70":[0,0],"71":[0,0],"72":[0,0],"73":[0,0],"74":[0,0],"75":[0,0],"76":[0,0],"77":[0,0],"78":[0,0],"79":[0,0],"80":[0,0],"81":[0,0],"82":[0,0],"83":[0,0,0],"84":[0,0],"85":[0,0],"86":[0,0],"87":[0,0],"88":[0,0],"89":[0,0],"90":[0,0],"91":[0,0],"92":[0,0],"93":[0,0],"94":[0,0],"95":[0,0],"96":[0,0],"97":[0,0],"98":[0,0],"99":[0,0],"100":[0,0],"101":[0,0],"102":[0,0],"103":[0,0],"104":[0,0],"105":[0,0],"106":[0,0],"107":[0,0],"108":[0,0],"109":[0,0],"110":[0,0],"111":[0,0],"112":[0,0],"113":[0,0],"114":[0,0],"115":[0,0],"116":[0,0],"117":[0,0],"118":[0,0],"119":[0,0],"120":[0,0],"121":[0,0],"122":[0,0],"123":[0,0],"124":[0,0],"125":[0,0],"126":[0,0],"127":[0,0],"128":[0,0],"129":[0,0],"130":[0,0],"131":[0,0],"132":[0,0],"133":[0,0],"134":[0,0],"135":[0,0],"136":[0,0],"137":[0,0],"138":[0,0],"139":[0,0],"140":[0,0],"141":[0,0],"142":[0,0],"143":[0,0],"144":[0,0],"145":[0,0],"146":[0,0],"147":[0,0],"148":[0,0],"149":[0,0],"150":[0,0],"151":[0,0],"152":[0,0],"153":[0,0],"154":[0,0],"155":[0,0],"156":[0,0],"157":[0,0],"158":[0,0],"159":[0,0],"160":[0,0],"161":[0,0],"162":[0,0],"163":[0,0],"164":[0,0],"165":[0,0],"166":[0,0],"167":[0,0],"168":[0,0],"169":[0,0],"170":[0,0],"171":[0,0],"172":[0,0],"173":[0,0],"174":[0,0],"175":[0,0],"176":[0,0],"177":[0,0],"178":[0,0],"179":[0,0],"180":[0,0],"181":[0,0],"182":[0,0],"183":[0,0],"184":[0,0],"185":[0,0],"186":[0,0],"187":[0,0],"188":[0,0],"189":[0,0],"190":[0,0],"191":[0,0],"192":[0,0],"193":[0,0],"194":[0,0],"195":[0,0],"196":[0,0],"197":[0,0],"198":[0,0,0,0],"199":[0,0],"200":[0,0,0],"201":[0,0],"202":[0,0],"203":[0,0,0,0,0,0,0,0,0,0,0,0,0,0,0,0,0,0,0,0,0,0,0],"204":[0,0],"205":[0,0],"206":[0,0],"207":[0,0],"208":[0,0],"209":[0,0],"210":[0,0],"211":[0,0],"212":[0,0],"213":[0,0],"214":[0,0],"215":[0,0],"216":[0,0],"217":[0,0],"218":[0,0],"219":[0,0],"220":[0,0],"221":[0,0],"222":[0,0],"223":[0,0],"224":[0,0],"225":[0,0],"226":[0,0],"227":[0,0],"228":[0,0],"229":[0,0],"230":[0,0],"231":[0,0],"232":[0,0],"233":[0,0],"234":[0,0],"235":[0,0],"236":[0,0],"237":[0,0],"238":[0,0],"239":[0,0],"240":[0,0],"241":[0,0,0],"242":[0,0,0],"243":[0,0],"244":[0,0],"245":[0,0,0],"246":[0,0],"247":[0,0],"248":[0,0],"249":[0,0],"250":[0,0],"251":[0,0],"252":[0,0],"253":[0,0],"254":[0,0,0],"255":[0,0],"256":[0,0],"257":[0,0],"258":[1,0],"259":[0,1],"260":[0,0],"261":[0,0],"262":[0,0],"263":[0,0],"264":[0,0],"265":[0,0],"266":[0,0],"267":[0,0],"268":[0,0],"269":[0,0],"270":[0,0],"271":[0,0,0],"272":[0,0],"273":[0,0],"274":[0,0],"275":[0,0],"276":[0,0],"277":[0,0],"278":[0,0],"279":[0,0],"280":[0,0],"281":[0,0],"282":[0,0],"283":[0,0],"284":[0,0],"285":[0,0],"286":[0,0],"287":[0,0],"288":[0,0],"289":[0,0],"290":[0,0],"291":[0,0],"292":[0,0],"293":[0,0],"294":[0,0],"295":[0,0],"296":[0,0],"297":[0,0],"298":[0,0],"299":[0,0],"300":[0,0],"301":[0,0],"302":[1,0],"303":[1,0],"304":[0,0],"305":[0,0],"306":[0,0],"307":[0,0],"308":[0,0],"309":[0,0],"310":[0,0],"311":[0,0],"312":[0,0],"313":[0,0],"314":[0,0],"315":[0,0],"316":[0,0],"317":[0,0],"318":[0,0],"319":[0,0],"320":[0,0],"321":[0,0],"322":[0,0],"323":[0,0],"324":[0,0],"325":[0,0],"326":[0,0],"327":[0,0],"328":[0,1]},"f":{"1":1,"2":0,"3":0,"4":0,"5":0,"6":0,"7":0,"8":0,"9":0,"10":0,"11":0,"12":0,"13":0,"14":0,"15":0,"16":0,"17":0,"18":0,"19":0,"20":0,"21":0,"22":0,"23":0,"24":0,"25":0,"26":0,"27":0,"28":0,"29":0,"30":0,"31":0,"32":0,"33":0,"34":0,"35":0,"36":0,"37":0,"38":0,"39":0,"40":0,"41":0,"42":0,"43":0,"44":0,"45":0,"46":0,"47":0,"48":0,"49":0,"50":0,"51":0,"52":0,"53":0,"54":0,"55":0,"56":0,"57":0,"58":0,"59":0,"60":0,"61":0,"62":0,"63":0,"64":0,"65":0,"66":0,"67":0,"68":0,"69":0,"70":0,"71":0,"72":0,"73":0,"74":0,"75":0,"76":0,"77":0,"78":0,"79":0,"80":0,"81":0,"82":0,"83":0,"84":0,"85":0,"86":0,"87":0,"88":0,"89":0,"90":0,"91":0,"92":0,"93":0,"94":0,"95":0,"96":0,"97":0,"98":0,"99":0,"100":0,"101":0,"102":0,"103":0,"104":0,"105":0,"106":0,"107":0,"108":0,"109":0,"110":0,"111":0,"112":0,"113":0,"114":0,"115":0,"116":0,"117":0,"118":0,"119":0,"120":0,"121":0,"122":0,"123":0,"124":0,"125":0,"126":0,"127":0,"128":0,"129":0,"130":0,"131":0,"132":0,"133":0,"134":0,"135":0,"136":0,"137":0,"138":0,"139":0,"140":0,"141":0,"142":0,"143":0,"144":0,"145":0,"146":0,"147":0,"148":0,"149":0,"150":0,"151":0,"152":0,"153":0,"154":0,"155":0,"156":0,"157":0,"158":0,"159":0,"160":0,"161":0,"162":0,"163":0,"164":0,"165":0,"166":0,"167":0,"168":0,"169":0,"170":0,"171":0,"172":0,"173":0,"174":0,"175":0,"176":0,"177":0,"178":0,"179":0,"180":27,"181":0,"182":27,"183":0,"184":0,"185":0,"186":0,"187":0,"188":0,"189":0,"190":0,"191":0,"192":0,"193":0,"194":0,"195":0,"196":0,"197":0,"198":0,"199":0,"200":0,"201":0,"202":0,"203":0,"204":0,"205":0,"206":0,"207":0,"208":0,"209":0,"210":0,"211":0,"212":0,"213":0,"214":0,"215":0,"216":0,"217":0,"218":0,"219":0,"220":0,"221":0,"222":0,"223":0,"224":0,"225":0,"226":0,"227":0,"228":0,"229":0,"230":0,"231":0,"232":0,"233":0,"234":0,"235":1,"236":0,"237":0,"238":0,"239":0,"240":0,"241":0,"242":0,"243":0,"244":0,"245":0,"246":0,"247":0,"248":0,"249":0,"250":0,"251":0,"252":0,"253":0,"254":0,"255":0,"256":0,"257":0,"258":0,"259":0,"260":0,"261":0,"262":6,"263":0,"264":0,"265":0,"266":0,"267":0,"268":0,"269":0,"270":0,"271":0,"272":0,"273":0,"274":0,"275":0,"276":0,"277":0,"278":0,"279":0,"280":0,"281":0,"282":0,"283":0,"284":0,"285":0,"286":0,"287":0,"288":0,"289":0,"290":0,"291":0,"292":0,"293":0,"294":0,"295":27,"296":1,"297":0,"298":0,"299":0,"300":0,"301":0,"302":0,"303":0,"304":0,"305":0,"306":1,"307":0,"308":0,"309":0,"310":0,"311":0,"312":0,"313":0,"314":0,"315":0,"316":0,"317":0,"318":0,"319":0,"320":0,"321":0,"322":0,"323":0,"324":0,"325":0,"326":0,"327":1,"328":0,"329":0,"330":0,"331":0,"332":0,"333":0,"334":0,"335":0,"336":0,"337":0},"fnMap":{"1":{"name":"discordio","line":2,"loc":{"start":{"line":2,"column":1},"end":{"line":2,"column":28}}},"2":{"name":"DiscordClient","line":45,"loc":{"start":{"line":45,"column":17},"end":{"line":45,"column":49}}},"3":{"name":"(anonymous_3)","line":76,"loc":{"start":{"line":76,"column":14},"end":{"line":76,"column":25}}},"4":{"name":"(anonymous_4)","line":89,"loc":{"start":{"line":89,"column":17},"end":{"line":89,"column":28}}},"5":{"name":"(anonymous_5)","line":98,"loc":{"start":{"line":98,"column":14},"end":{"line":98,"column":40}}},"6":{"name":"(anonymous_6)","line":100,"loc":{"start":{"line":100,"column":48},"end":{"line":100,"column":67}}},"7":{"name":"(anonymous_7)","line":114,"loc":{"start":{"line":114,"column":19},"end":{"line":114,"column":45}}},"8":{"name":"(anonymous_8)","line":130,"loc":{"start":{"line":130,"column":43},"end":{"line":130,"column":62}}},"9":{"name":"(anonymous_9)","line":144,"loc":{"start":{"line":144,"column":18},"end":{"line":144,"column":34}}},"10":{"name":"(anonymous_10)","line":155,"loc":{"start":{"line":155,"column":19},"end":{"line":155,"column":38}}},"11":{"name":"(anonymous_11)","line":156,"loc":{"start":{"line":156,"column":35},"end":{"line":156,"column":54}}},"12":{"name":"(anonymous_12)","line":164,"loc":{"start":{"line":164,"column":25},"end":{"line":164,"column":44}}},"13":{"name":"(anonymous_13)","line":165,"loc":{"start":{"line":165,"column":38},"end":{"line":165,"column":57}}},"14":{"name":"(anonymous_14)","line":180,"loc":{"start":{"line":180,"column":17},"end":{"line":180,"column":43}}},"15":{"name":"(anonymous_15)","line":200,"loc":{"start":{"line":200,"column":29},"end":{"line":200,"column":49}}},"16":{"name":"(anonymous_16)","line":201,"loc":{"start":{"line":201,"column":60},"end":{"line":201,"column":79}}},"17":{"name":"(anonymous_17)","line":217,"loc":{"start":{"line":217,"column":18},"end":{"line":217,"column":44}}},"18":{"name":"(anonymous_18)","line":241,"loc":{"start":{"line":241,"column":17},"end":{"line":241,"column":43}}},"19":{"name":"(anonymous_19)","line":242,"loc":{"start":{"line":242,"column":72},"end":{"line":242,"column":91}}},"20":{"name":"(anonymous_20)","line":255,"loc":{"start":{"line":255,"column":18},"end":{"line":255,"column":44}}},"21":{"name":"getMessages","line":262,"loc":{"start":{"line":262,"column":2},"end":{"line":262,"column":25}}},"22":{"name":"(anonymous_22)","line":272,"loc":{"start":{"line":272,"column":75},"end":{"line":272,"column":94}}},"23":{"name":"(anonymous_23)","line":291,"loc":{"start":{"line":291,"column":18},"end":{"line":291,"column":44}}},"24":{"name":"(anonymous_24)","line":292,"loc":{"start":{"line":292,"column":125},"end":{"line":292,"column":144}}},"25":{"name":"(anonymous_25)","line":303,"loc":{"start":{"line":303,"column":20},"end":{"line":303,"column":46}}},"26":{"name":"(anonymous_26)","line":304,"loc":{"start":{"line":304,"column":75},"end":{"line":304,"column":94}}},"27":{"name":"(anonymous_27)","line":315,"loc":{"start":{"line":315,"column":21},"end":{"line":315,"column":47}}},"28":{"name":"(anonymous_28)","line":316,"loc":{"start":{"line":316,"column":103},"end":{"line":316,"column":122}}},"29":{"name":"(anonymous_29)","line":327,"loc":{"start":{"line":327,"column":17},"end":{"line":327,"column":43}}},"30":{"name":"(anonymous_30)","line":328,"loc":{"start":{"line":328,"column":79},"end":{"line":328,"column":98}}},"31":{"name":"(anonymous_31)","line":338,"loc":{"start":{"line":338,"column":24},"end":{"line":338,"column":50}}},"32":{"name":"(anonymous_32)","line":339,"loc":{"start":{"line":339,"column":62},"end":{"line":339,"column":81}}},"33":{"name":"(anonymous_33)","line":350,"loc":{"start":{"line":350,"column":26},"end":{"line":350,"column":52}}},"34":{"name":"(anonymous_34)","line":351,"loc":{"start":{"line":351,"column":82},"end":{"line":351,"column":101}}},"35":{"name":"(anonymous_35)","line":360,"loc":{"start":{"line":360,"column":21},"end":{"line":360,"column":51}}},"36":{"name":"(anonymous_36)","line":361,"loc":{"start":{"line":361,"column":48},"end":{"line":361,"column":67}}},"37":{"name":"(anonymous_37)","line":370,"loc":{"start":{"line":370,"column":17},"end":{"line":370,"column":35}}},"38":{"name":"(anonymous_38)","line":372,"loc":{"start":{"line":372,"column":66},"end":{"line":372,"column":102}}},"39":{"name":"(anonymous_39)","line":395,"loc":{"start":{"line":395,"column":18},"end":{"line":395,"column":44}}},"40":{"name":"(anonymous_40)","line":396,"loc":{"start":{"line":396,"column":110},"end":{"line":396,"column":129}}},"41":{"name":"(anonymous_41)","line":409,"loc":{"start":{"line":409,"column":18},"end":{"line":409,"column":44}}},"42":{"name":"(anonymous_42)","line":411,"loc":{"start":{"line":411,"column":130},"end":{"line":411,"column":149}}},"43":{"name":"(anonymous_43)","line":424,"loc":{"start":{"line":424,"column":21},"end":{"line":424,"column":47}}},"44":{"name":"(anonymous_44)","line":425,"loc":{"start":{"line":425,"column":127},"end":{"line":425,"column":146}}},"45":{"name":"(anonymous_45)","line":436,"loc":{"start":{"line":436,"column":25},"end":{"line":436,"column":51}}},"46":{"name":"(anonymous_46)","line":437,"loc":{"start":{"line":437,"column":84},"end":{"line":437,"column":103}}},"47":{"name":"(anonymous_47)","line":450,"loc":{"start":{"line":450,"column":11},"end":{"line":450,"column":37}}},"48":{"name":"(anonymous_48)","line":451,"loc":{"start":{"line":451,"column":70},"end":{"line":451,"column":89}}},"49":{"name":"(anonymous_49)","line":463,"loc":{"start":{"line":463,"column":10},"end":{"line":463,"column":36}}},"50":{"name":"(anonymous_50)","line":470,"loc":{"start":{"line":470,"column":131},"end":{"line":470,"column":150}}},"51":{"name":"(anonymous_51)","line":481,"loc":{"start":{"line":481,"column":12},"end":{"line":481,"column":38}}},"52":{"name":"(anonymous_52)","line":482,"loc":{"start":{"line":482,"column":67},"end":{"line":482,"column":86}}},"53":{"name":"(anonymous_53)","line":494,"loc":{"start":{"line":494,"column":17},"end":{"line":494,"column":43}}},"54":{"name":"(anonymous_54)","line":495,"loc":{"start":{"line":495,"column":100},"end":{"line":495,"column":119}}},"55":{"name":"(anonymous_55)","line":506,"loc":{"start":{"line":506,"column":11},"end":{"line":506,"column":37}}},"56":{"name":"(anonymous_56)","line":507,"loc":{"start":{"line":507,"column":83},"end":{"line":507,"column":102}}},"57":{"name":"(anonymous_57)","line":518,"loc":{"start":{"line":518,"column":13},"end":{"line":518,"column":39}}},"58":{"name":"(anonymous_58)","line":519,"loc":{"start":{"line":519,"column":84},"end":{"line":519,"column":103}}},"59":{"name":"(anonymous_59)","line":530,"loc":{"start":{"line":530,"column":13},"end":{"line":530,"column":39}}},"60":{"name":"(anonymous_60)","line":531,"loc":{"start":{"line":531,"column":83},"end":{"line":531,"column":102}}},"61":{"name":"(anonymous_61)","line":542,"loc":{"start":{"line":542,"column":15},"end":{"line":542,"column":41}}},"62":{"name":"(anonymous_62)","line":543,"loc":{"start":{"line":543,"column":84},"end":{"line":543,"column":103}}},"63":{"name":"(anonymous_63)","line":557,"loc":{"start":{"line":557,"column":19},"end":{"line":557,"column":45}}},"64":{"name":"(anonymous_64)","line":566,"loc":{"start":{"line":566,"column":51},"end":{"line":566,"column":70}}},"65":{"name":"(anonymous_65)","line":585,"loc":{"start":{"line":585,"column":17},"end":{"line":585,"column":43}}},"66":{"name":"(anonymous_66)","line":612,"loc":{"start":{"line":612,"column":66},"end":{"line":612,"column":85}}},"67":{"name":"(anonymous_67)","line":624,"loc":{"start":{"line":624,"column":23},"end":{"line":624,"column":49}}},"68":{"name":"(anonymous_68)","line":627,"loc":{"start":{"line":627,"column":25},"end":{"line":627,"column":44}}},"69":{"name":"(anonymous_69)","line":633,"loc":{"start":{"line":633,"column":37},"end":{"line":633,"column":56}}},"70":{"name":"(anonymous_70)","line":646,"loc":{"start":{"line":646,"column":21},"end":{"line":646,"column":47}}},"71":{"name":"(anonymous_71)","line":651,"loc":{"start":{"line":651,"column":69},"end":{"line":651,"column":88}}},"72":{"name":"(anonymous_72)","line":664,"loc":{"start":{"line":664,"column":22},"end":{"line":664,"column":48}}},"73":{"name":"(anonymous_73)","line":673,"loc":{"start":{"line":673,"column":85},"end":{"line":673,"column":104}}},"74":{"name":"(anonymous_74)","line":684,"loc":{"start":{"line":684,"column":24},"end":{"line":684,"column":50}}},"75":{"name":"(anonymous_75)","line":685,"loc":{"start":{"line":685,"column":77},"end":{"line":685,"column":96}}},"76":{"name":"(anonymous_76)","line":694,"loc":{"start":{"line":694,"column":18},"end":{"line":694,"column":47}}},"77":{"name":"(anonymous_77)","line":695,"loc":{"start":{"line":695,"column":59},"end":{"line":695,"column":78}}},"78":{"name":"(anonymous_78)","line":704,"loc":{"start":{"line":704,"column":19},"end":{"line":704,"column":48}}},"79":{"name":"(anonymous_79)","line":705,"loc":{"start":{"line":705,"column":50},"end":{"line":705,"column":69}}},"80":{"name":"(anonymous_80)","line":716,"loc":{"start":{"line":716,"column":24},"end":{"line":716,"column":50}}},"81":{"name":"(anonymous_81)","line":717,"loc":{"start":{"line":717,"column":81},"end":{"line":717,"column":100}}},"82":{"name":"(anonymous_82)","line":726,"loc":{"start":{"line":726,"column":19},"end":{"line":726,"column":50}}},"83":{"name":"(anonymous_83)","line":729,"loc":{"start":{"line":729,"column":50},"end":{"line":729,"column":69}}},"84":{"name":"(anonymous_84)","line":756,"loc":{"start":{"line":756,"column":19},"end":{"line":756,"column":45}}},"85":{"name":"(anonymous_85)","line":776,"loc":{"start":{"line":776,"column":77},"end":{"line":776,"column":96}}},"86":{"name":"(anonymous_86)","line":786,"loc":{"start":{"line":786,"column":19},"end":{"line":786,"column":50}}},"87":{"name":"(anonymous_87)","line":787,"loc":{"start":{"line":787,"column":52},"end":{"line":787,"column":71}}},"88":{"name":"(anonymous_88)","line":796,"loc":{"start":{"line":796,"column":18},"end":{"line":796,"column":49}}},"89":{"name":"(anonymous_89)","line":797,"loc":{"start":{"line":797,"column":49},"end":{"line":797,"column":68}}},"90":{"name":"(anonymous_90)","line":806,"loc":{"start":{"line":806,"column":23},"end":{"line":806,"column":52}}},"91":{"name":"(anonymous_91)","line":807,"loc":{"start":{"line":807,"column":60},"end":{"line":807,"column":79}}},"92":{"name":"(anonymous_92)","line":816,"loc":{"start":{"line":816,"column":24},"end":{"line":816,"column":54}}},"93":{"name":"(anonymous_93)","line":817,"loc":{"start":{"line":817,"column":61},"end":{"line":817,"column":80}}},"94":{"name":"(anonymous_94)","line":829,"loc":{"start":{"line":829,"column":20},"end":{"line":829,"column":46}}},"95":{"name":"(anonymous_95)","line":835,"loc":{"start":{"line":835,"column":77},"end":{"line":835,"column":96}}},"96":{"name":"(anonymous_96)","line":850,"loc":{"start":{"line":850,"column":22},"end":{"line":850,"column":49}}},"97":{"name":"(anonymous_97)","line":852,"loc":{"start":{"line":852,"column":84},"end":{"line":852,"column":103}}},"98":{"name":"(anonymous_98)","line":862,"loc":{"start":{"line":862,"column":20},"end":{"line":862,"column":50}}},"99":{"name":"(anonymous_99)","line":863,"loc":{"start":{"line":863,"column":51},"end":{"line":863,"column":70}}},"100":{"name":"(anonymous_100)","line":878,"loc":{"start":{"line":878,"column":22},"end":{"line":878,"column":48}}},"101":{"name":"(anonymous_101)","line":906,"loc":{"start":{"line":906,"column":66},"end":{"line":906,"column":85}}},"102":{"name":"(anonymous_102)","line":922,"loc":{"start":{"line":922,"column":29},"end":{"line":922,"column":55}}},"103":{"name":"(anonymous_103)","line":938,"loc":{"start":{"line":938,"column":22},"end":{"line":938,"column":37}}},"104":{"name":"(anonymous_104)","line":948,"loc":{"start":{"line":948,"column":21},"end":{"line":948,"column":36}}},"105":{"name":"(anonymous_105)","line":958,"loc":{"start":{"line":958,"column":24},"end":{"line":958,"column":39}}},"106":{"name":"(anonymous_106)","line":972,"loc":{"start":{"line":972,"column":86},"end":{"line":972,"column":105}}},"107":{"name":"(anonymous_107)","line":984,"loc":{"start":{"line":984,"column":30},"end":{"line":984,"column":56}}},"108":{"name":"(anonymous_108)","line":997,"loc":{"start":{"line":997,"column":89},"end":{"line":997,"colu
[...]
4367,","\tORANGE: 15105570,","\tRED: 15158332,","\tGREY: 9807270,","\tDARKER_GREY: 8359053,","\tNAVY: 3426654,","\tDARK_AQUA: 1146986,","\tDARK_GREEN: 2067276,","\tDARK_BLUE: 2123412,","\tDARK_PURPLE: 7419530,","\tDARK_GOLD: 12745742,","\tDARK_ORANGE: 11027200,","\tDARK_RED: 10038562,","\tDARK_GREY: 9936031,","\tLIGHT_GREY: 12370112,","\tDARK_NAVY: 2899536","};","Discord.Permissions = {","\tGENERAL_CREATE_INSTANT_INVITE: 0,","\tGENERAL_KICK_MEMBERS: 1,","\tGENERAL_BAN_MEMBERS: 2,","\tGENERAL_ADMINISTRATOR: 3,","\tGENERAL_MANAGE_CHANNELS: 4,","\tGENERAL_MANAGE_GUILD: 5,","\tGENERAL_MANAGE_ROLES: 28,","\tGENERAL_MANAGE_NICKNAMES: 27,","\tGENERAL_CHANGE_NICKNAME: 26,","\tGENERAL_MANAGE_WEBHOOKS: 29,","\tGENERAL_MANAGE_EMOJIS: 30,","","\tTEXT_ADD_REACTIONS: 6,","\tTEXT_READ_MESSAGES: 10,","\tTEXT_SEND_MESSAGES: 11,","\tTEXT_SEND_TTS_MESSAGE: 12,","\tTEXT_MANAGE_MESSAGES: 13,","\tTEXT_EMBED_LINKS: 14,","\tTEXT_ATTACH_FILES: 15,","\tTEXT_READ_MESSAGE_HISTORY: 16,","\tTEXT_MENTION_EVERYONE: 17,","\tTEXT_EXTERNAL_EMOJIS: 18,","","\tVOICE_CONNECT: 20,","\tVOICE_SPEAK: 21,","\tVOICE_MUTE_MEMBERS: 22,","\tVOICE_DEAFEN_MEMBERS: 23,","\tVOICE_MOVE_MEMBERS: 24,","\tVOICE_USE_VAD: 25,","};","","Object.keys(Discord.Permissions).forEach(function(pn) {","\tObject.defineProperty(Role.prototype, pn, {","\t\tget: getPerm( Discord.Permissions[pn] ),","\t\tset: setPerm( Discord.Permissions[pn] ),","\t\tenumerable: true","\t});","});","","/* Wrappers */","function Emitter() {","\tvar emt = this;","\tif (isNode) {","\t\tEE.call(this);","\t\tif (this.prototype) return Util.inherits(this, EE);","\t\treturn new EE();","\t}","\t//Thank you, http://stackoverflow.com/a/24216547","\tfunction _Emitter() {","\t\tvar eventTarget = document.createDocumentFragment();","\t\t[\"addEventListener\", \"dispatchEvent\", \"removeEventListener\"].forEach(function(method) {","\t\t\tif (!this[method]) this[method] = eventTarget[method].bind(eventTarget);","\t\t}, this);","\t}","\t//But I did the rest myself! D:<","\t_Emitter.call(this);","\tthis._evts = {};","\tthis.on = function(eName, eFunc) {","\t\tif (!emt._evts[eName]) emt._evts[eName] = [];","\t\temt._evts[eName].push(eOn);","","\t\treturn this.addEventListener(eName, eOn);","","\t\tfunction eOn(e) {","\t\t\treturn eFunc.apply(null, resolveEvent(e));","\t\t}","\t};","\tthis.once = function(eName, eFunc) {","\t\tif (!emt._evts[eName]) emt._evts[eName] = [];","\t\temt._evts[eName].push(eOnce);","","\t\treturn this.addEventListener(eName, eOnce);","","\t\tfunction eOnce(e) {","\t\t\teFunc.apply(null, resolveEvent(e));","\t\t\treturn emt.removeListener(eName, eOnce);","\t\t}","\t};","\tthis.removeListener = function(eName, eFunc) {","\t\tif (emt._evts[eName]) emt._evts[eName].splice(emt._evts[eName].lastIndexOf(eFunc), 1);","\t\treturn this.removeEventListener(eName, eFunc);","\t};","\tthis.emit = function(eName) {","\t\treturn this.dispatchEvent( new CustomEvent(eName, {'detail': Array.prototype.slice.call(arguments, 1) }) );","\t};","\treturn this;","}","","function Websocket(url, opts) {","\tif (isNode) return new (require('ws'))(url, opts);","\treturn Emitter.call(new WebSocket(url));","}","","/* Endpoints */","(function () {","\tvar API = \"https://discordapp.com/api\";","\tvar ME  = API + \"/users/@me\";","\tEndpoints = Discord.Endpoints = {","\t\tAPI: \t\tAPI,","","\t\tME:\t\t\tME,","\t\tNOTE:\t\tfunction(userID) {","\t\t\treturn  ME + \"/notes/\" + userID;","\t\t},","\t\tLOGIN:\t\tAPI + \"/auth/login\",","\t\tOAUTH:\t\tAPI + \"/oauth2/applications/@me\",","\t\tGATEWAY:\tAPI + \"/gateway\",","\t\tSETTINGS: \tME + \"/settings\",","","\t\tSERVERS: function(serverID) {","\t\t\treturn  API + \"/guilds\" + (serverID ? \"/\" + serverID : \"\");","\t\t},","\t\tSERVERS_PERSONAL: function(serverID) {","\t\t\treturn  this.ME + \"/guilds\" + (serverID ? \"/\" + serverID : \"\"); //Method to list personal servers?","\t\t},","\t\tSERVER_EMOJIS: function(serverID, emojiID) {","\t\t\treturn  this.SERVERS(serverID) + \"/emojis\" + (emojiID ? \"/\" + emojiID : \"\");","\t\t},","","\t\tCHANNEL: function(channelID) {","\t\t\treturn  API + \"/channels/\" + channelID;","\t\t},","","\t\tMEMBERS: function(serverID, userID) {","\t\t\treturn  this.SERVERS(serverID) + \"/members\" + (userID ? \"/\" + userID : \"\");","\t\t},","\t\tMEMBER_ROLES: function(serverID, userID, roleID) {","\t\t\treturn\tthis.MEMBERS(serverID, userID) + \"/roles\" + (roleID ? \"/\" + roleID : \"\");","\t\t},","","\t\tUSER: function(userID) {","\t\t\treturn  API + \"/users/\" + userID;","\t\t},","","\t\tROLES: function(serverID, roleID) {","\t\t\treturn  this.SERVERS(serverID) + \"/roles\" + (roleID ? \"/\" + roleID : \"\");","\t\t},","","\t\tBANS: function(serverID, userID) {","\t\t\treturn  this.SERVERS(serverID) + \"/bans\" + (userID ? \"/\" + userID : \"\");","\t\t},","","\t\tMESSAGES: function(channelID, messageID) {","\t\t\treturn  this.CHANNEL(channelID) + \"/messages\" + (messageID ? \"/\" + messageID : \"\");","\t\t},","\t\tPINNED_MESSAGES: function(channelID, messageID) {","\t\t\treturn  this.CHANNEL(channelID) + \"/pins\" + (messageID ? \"/\" + messageID : \"\");","\t\t},","","\t\tMESSAGE_REACTIONS: function(channelID, messageID, reaction) {","\t\t\treturn  this.MESSAGES(channelID, messageID) + \"/reactions\" + ( reaction ? (\"/\" + reaction) : \"\" );","\t\t},","\t\tUSER_REACTIONS: function(channelID, messageID, reaction, userID) {","\t\t  \treturn  this.MESSAGE_REACTIONS(channelID, messageID, reaction) + '/' + ( (!userID || userID === this.id) ? '@me' : userID );","\t\t},","","\t\tINVITES: function(inviteCode) {","\t\t\treturn  API + \"/invite/\" + inviteCode;","\t\t},","","\t\tSERVER_WEBHOOKS: function(serverID) {","\t\t\treturn  this.SERVERS(serverID) + \"/webhooks\";","\t\t},","\t\tCHANNEL_WEBHOOKS: function(channelID) {","\t\t\treturn  this.CHANNEL(channelID) +\"/webhooks\";","\t\t},","","\t\tWEBHOOKS: function(webhookID) {","\t\t\treturn  API + \"/webhooks/\" + webhookID;","\t\t},","","\t\tBULK_DELETE: function(channelID) {","\t\t\treturn  this.CHANNEL(channelID) + \"/messages/bulk-delete\";","\t\t},","","\t\tTYPING: function(channelID) {","\t\t\treturn  this.CHANNEL(channelID) + \"/typing\";","\t\t}","","\t};","})();","","/* Payloads */","(function() {","\tPayloads = {","\t\tIDENTIFY: function(client) {","\t\t\treturn {","\t\t\t\top: 2,","\t\t\t\td: {","\t\t\t\t\ttoken: client.internals.token,","\t\t\t\t\tv: GATEWAY_VERSION,","\t\t\t\t\tcompress: isNode && !!Zlib.inflateSync,","\t\t\t\t\tlarge_threshold: LARGE_THRESHOLD,","\t\t\t\t\tproperties: {","\t\t\t\t\t\t$os: isNode ? require('os').platform() : navigator.platform,","\t\t\t\t\t\t$browser:\"discord.io\",","\t\t\t\t\t\t$device:\"discord.io\",","\t\t\t\t\t\t$referrer:\"\",","\t\t\t\t\t\t$referring_domain:\"\"","\t\t\t\t\t}","\t\t\t\t}","\t\t\t};","\t\t},","\t\tRESUME: function(client) {","\t\t\treturn {","\t\t\t\top: 6,","\t\t\t\td: {","\t\t\t\t\tseq: client.internals.s,","\t\t\t\t\ttoken: client.internals.token,","\t\t\t\t\tsession_id: client.internals.sessionID","\t\t\t\t}","\t\t\t};","\t\t},","\t\tHEARTBEAT: function(client) {","\t\t\treturn {op: 1, d: client.internals.sequence};","\t\t},","\t\tALL_USERS: function(client) {","\t\t\treturn {op: 12, d: Object.keys(client.servers)};","\t\t},","\t\tSTATUS: function(input) {","\t\t\treturn {","\t\t\t\top: 3,","\t\t\t\td: {","\t\t\t\t\tidle_since: input.idle_since || null,","\t\t\t\t\tgame: type(input.game) === 'object' ?","\t\t\t\t\t\t{","\t\t\t\t\t\t\tname: input.game.name ? String(input.game.name) : null,","\t\t\t\t\t\t\ttype: input.game.type ? Number(input.game.type) : null,","\t\t\t\t\t\t\turl: input.game.url ? String(input.game.url) : null","\t\t\t\t\t\t} :","\t\t\t\t\t\tnull","\t\t\t\t}","\t\t\t};","\t\t},","\t\tUPDATE_VOICE: function(serverID, channelID) {","\t\t\treturn {","\t\t\t\top: 4,","\t\t\t\td: {","\t\t\t\t\tguild_id: serverID,","\t\t\t\t\tchannel_id: channelID,","\t\t\t\t\tself_mute: false,","\t\t\t\t\tself_deaf: false","\t\t\t\t}","\t\t\t};","\t\t},","\t\tOFFLINE_USERS: function(array) {","\t\t\treturn {","\t\t\t\top: 8,","\t\t\t\td: {","\t\t\t\t\tguild_id: array.splice(0, 50),","\t\t\t\t\tquery: \"\",","\t\t\t\t\tlimit: 0","\t\t\t\t}","\t\t\t};","\t\t},","\t\tVOICE_SPEAK: function(v) {","\t\t\treturn {op:5, d:{ speaking: !!v, delay: 0 }};","\t\t},","\t\tVOICE_IDENTIFY: function(clientID, voiceSession) {","\t\t\treturn {","\t\t\t\top: 0,","\t\t\t\td: {","\t\t\t\t\tserver_id: voiceSession.serverID,","\t\t\t\t\tuser_id: clientID,","\t\t\t\t\tsession_id: voiceSession.session,","\t\t\t\t\ttoken: voiceSession.token","\t\t\t\t}","\t\t\t};","\t\t},","\t\tVOICE_DISCOVERY: function(ip, port, mode) {","\t\t\treturn {","\t\t\t\top:1,","\t\t\t\td:{","\t\t\t\t\tprotocol:\"udp\",","\t\t\t\t\tdata:{","\t\t\t\t\t\taddress: ip,","\t\t\t\t\t\tport: Number(port),","\t\t\t\t\t\tmode: mode","\t\t\t\t\t}","\t\t\t\t}","\t\t\t};","\t\t}","\t}","})();","","})(typeof exports === 'undefined'? this.Discord = {} : exports);",""],"l":{"2":1,"3":1,"4":1,"10":1,"11":1,"31":1,"32":1,"34":1,"45":1,"46":0,"47":0,"49":0,"62":0,"63":0,"64":0,"65":0,"67":0,"69":1,"72":1,"76":1,"77":0,"89":1,"90":0,"98":1,"99":0,"100":0,"101":0,"114":1,"115":0,"124":0,"125":0,"126":0,"128":0,"130":0,"131":0,"144":1,"145":0,"146":0,"148":0,"149":0,"155":1,"156":0,"157":0,"164":1,"165":0,"166":0,"180":1,"183":0,"187":0,"188":0,"189":0,"191":0,"198":0,"200":0,"201":0,"202":0,"217":1,"218":0,"219":0,"220":0,"222":0,"223":0,"232":0,"241":1,"242":0,"243":0,"255":1,"256":0,"257":0,"259":0,"260":0,"262":0,"263":0,"264":0,"265":0,"267":0,"270":0,"272":0,"273":0,"274":0,"275":0,"276":0,"277":0,"278":0,"291":1,"292":0,"293":0,"303":1,"304":0,"305":0,"315":1,"316":0,"317":0,"327":1,"328":0,"329":0,"338":1,"339":0,"340":0,"350":1,"351":0,"352":0,"360":1,"361":0,"362":0,"370":1,"371":0,"372":0,"373":0,"374":0,"375":0,"376":0,"378":0,"379":0,"380":0,"381":0,"382":0,"395":1,"396":0,"397":0,"409":1,"410":0,"411":0,"412":0,"424":1,"425":0,"426":0,"436":1,"437":0,"438":0,"450":1,"451":0,"452":0,"463":1,"464":0,"465":0,"466":0,"467":0,"470":0,"471":0,"481":1,"482":0,"483":0,"494":1,"495":0,"496":0,"506":1,"507":0,"508":0,"518":1,"519":0,"520":0,"530":1,"531":0,"532":0,"542":1,"543":0,"544":0,"557":1,"558":0,"559":0,"560":0,"561":0,"562":0,"564":0,"566":0,"567":0,"568":0,"569":0,"571":0,"585":1,"586":0,"587":0,"589":0,"590":0,"598":0,"599":0,"600":0,"601":0,"602":0,"604":0,"605":0,"606":0,"608":0,"610":0,"612":0,"613":0,"624":1,"625":0,"627":0,"628":0,"629":0,"633":0,"634":0,"646":1,"647":0,"651":0,"652":0,"664":1,"665":0,"666":0,"667":0,"669":0,"670":0,"671":0,"673":0,"674":0,"684":1,"685":0,"686":0,"694":1,"695":0,"696":0,"704":1,"705":0,"706":0,"716":1,"717":0,"718":0,"726":1,"727":0,"728":0,"729":0,"730":0,"734":0,"735":0,"736":0,"737":0,"739":0,"740":0,"744":0,"756":1,"757":0,"759":0,"765":0,"766":0,"771":0,"772":0,"773":0,"776":0,"777":0,"778":0,"786":1,"787":0,"788":0,"796":1,"797":0,"798":0,"806":1,"807":0,"808":0,"816":1,"817":0,"818":0,"829":1,"830":0,"835":0,"836":0,"837":0,"838":0,"840":0,"842":0,"850":1,"851":0,"852":0,"853":0,"854":0,"862":1,"863":0,"864":0,"878":1,"879":0,"881":0,"882":0,"883":0,"891":0,"892":0,"893":0,"894":0,"895":0,"896":0,"898":0,"899":0,"900":0,"903":0,"906":0,"907":0,"909":0,"922":1,"923":0,"924":0,"925":0,"926":0,"928":0,"929":0,"930":0,"931":0,"932":0,"937":0,"938":0,"939":0,"940":0,"941":0,"943":0,"947":0,"948":0,"949":0,"950":0,"951":0,"953":0,"957":0,"958":0,"959":0,"960":0,"961":0,"965":0,"972":0,"973":0,"984":1,"985":0,"986":0,"987":0,"989":0,"990":0,"992":0,"997":0,"998":0,"1006":1,"1007":0,"1008":0,"1009":0,"1010":0,"1012":0,"1027":1,"1028":0,"1029":0,"1030":0,"1031":0,"1040":0,"1041":0,"1042":0,"1043":0,"1044":0,"1045":0,"1047":0,"1049":0,"1050":0,"1051":0,"1052":0,"1053":0,"1055":0,"1057":0,"1058":0,"1060":0,"1069":1,"1070":0,"1071":0,"1082":1,"1083":0,"1084":0,"1095":1,"1096":0,"1097":0,"1108":1,"1109":0,"1110":0,"1114":0,"1115":0,"1125":1,"1126":0,"1127":0,"1137":1,"1138":0,"1139":0,"1149":1,"1150":0,"1151":0,"1152":0,"1154":0,"1155":0,"1163":1,"1164":0,"1165":0,"1173":1,"1174":0,"1175":0,"1183":1,"1184":0,"1185":0,"1193":1,"1194":0,"1195":0,"1207":1,"1208":0,"1209":0,"1210":0,"1211":0,"1212":0,"1214":0,"1216":0,"1217":0,"1228":1,"1229":0,"1230":0,"1231":0,"1232":0,"1233":0,"1235":0,"1236":0,"1237":0,"1239":0,"1240":0,"1241":0,"1248":1,"1249":0,"1250":0,"1259":1,"1261":0,"1262":0,"1264":0,"1265":0,"1266":0,"1268":0,"1274":0,"1282":1,"1283":0,"1284":0,"1285":0,"1288":0,"1289":0,"1290":0,"1292":0,"1294":0,"1298":1,"1299":0,"1300":0,"1302":1,"1303":0,"1304":0,"1305":0,"1307":0,"1308":0,"1309":0,"1310":0,"1311":0,"1312":0,"1314":1,"1315":0,"1317":1,"1318":0,"1319":0,"1323":1,"1324":0,"1325":0,"1326":0,"1330":1,"1331":0,"1332":0,"1333":0,"1334":0,"1335":0,"1337":1,"1338":0,"1344":1,"1345":0,"1349":0,"1350":0,"1351":0,"1352":0,"1354":0,"1355":0,"1357":0,"1359":1,"1360":0,"1362":0,"1363":0,"1366":1,"1367":0,"1368":0,"1369":0,"1370":0,"1371":0,"1375":1,"1376":0,"1377":0,"1379":0,"1380":0,"1381":0,"1382":0,"1384":0,"1385":0,"1386":0,"1387":0,"1388":0,"1389":0,"1390":0,"1391":0,"1392":0,"1396":0,"1397":0,"1398":0,"1399":0,"1401":0,"1404":0,"1405":0,"1406":0,"1407":0,"1409":0,"1410":0,"1411":0,"1412":0,"1413":0,"1414":0,"1417":0,"1418":0,"1419":0,"1420":0,"1422":1,"1423":0,"1425":1,"1426":0,"1427":0,"1430":1,"1431":0,"1432":0,"1433":0,"1434":0,"1437":1,"1438":0,"1439":0,"1446":1,"1447":0,"1449":1,"1450":0,"1451":0,"1453":1,"1455":0,"1456":0,"1457":0,"1459":0,"1461":1,"1462":0,"1463":0,"1465":0,"1466":0,"1468":0,"1469":0,"1471":0,"1472":0,"1474":1,"1475":0,"1476":0,"1478":1,"1479":0,"1480":0,"1481":0,"1483":0,"1484":0,"1485":0,"1489":0,"1490":0,"1491":0,"1492":0,"1493":0,"1494":0,"1499":1,"1500":0,"1501":0,"1502":0,"1503":0,"1507":1,"1508":0,"1510":1,"1511":0,"1513":1,"1514":0,"1517":1,"1518":27,"1519":0,"1522":1,"1523":27,"1524":0,"1525":0,"1529":1,"1530":0,"1531":0,"1534":1,"1535":0,"1536":0,"1539":1,"1544":0,"1548":0,"1549":0,"1550":0,"1553":0,"1555":1,"1556":0,"1560":1,"1561":0,"1562":0,"1563":0,"1564":0,"1565":0,"1570":0,"1572":0,"1573":0,"1575":1,"1576":0,"1577":0,"1581":1,"1582":0,"1584":0,"1585":0,"1586":0,"1587":0,"1589":0,"1592":1,"1593":0,"1594":0,"1596":0,"1597":0,"1598":0,"1600":1,"1601":0,"1603":0,"1604":0,"1606":1,"1607":0,"1608":0,"1610":0,"1611":0,"1613":1,"1614":0,"1618":0,"1620":0,"1625":1,"1626":0,"1633":1,"1634":0,"1636":0,"1637":0,"1639":0,"1640":0,"1642":0,"1644":0,"1648":1,"1649":0,"1650":0,"1651":0,"1653":0,"1655":0,"1661":0,"1662":0,"1663":0,"1665":0,"1666":0,"1667":0,"1668":0,"1670":0,"1672":0,"1673":0,"1674":0,"1675":0,"1679":0,"1681":0,"1682":0,"1684":0,"1685":0,"1687":0,"1688":0,"1690":0,"1691":0,"1692":0,"1693":0,"1695":0,"1696":0,"1697":0,"1700":0,"1701":0,"1702":0,"1703":0,"1704":0,"1707":0,"1708":0,"1709":0,"1711":0,"1712":0,"1713":0,"1714":0,"1716":0,"1718":0,"1719":0,"1721":0,"1723":0,"1724":0,"1726":0,"1727":0,"1729":0,"1730":0,"1731":0,"1733":0,"1734":0,"1736":0,"1737":0,"1744":0,"1745":0,"1747":0,"1748":0,"1749":0,"1751":0,"1752":0,"1754":0,"1755":0,"1756":0,"1757":0,"1759":0,"1760":0,"1761":0,"1763":0,"1764":0,"1765":0,"1766":0,"1768":0,"1769":0,"1771":0,"1772":0,"1773":0,"1774":0,"1775":0,"1776":0,"1777":0,"1779":0,"1781":0,"1782":0,"1784":0,"1786":0,"1787":0,"1788":0,"1789":0,"1792":0,"1793":0,"1794":0,"1796":0,"1797":0,"1798":0,"1800":0,"1801":0,"1802":0,"1803":0,"1805":0,"1806":0,"1807":0,"1809":0,"1810":0,"1811":0,"1813":0,"1814":0,"1815":0,"1816":0,"1818":0,"1819":0,"1820":0,"1821":0,"1822":0,"1825":0,"1826":0,"1827":0,"1828":0,"1830":0,"1831":0,"1833":0,"1834":0,"1835":0,"1838":0,"1840":0,"1842":0,"1843":0,"1844":0,"1845":0,"1846":0,"1847":0,"1848":0,"1850":0,"1851":0,"1853":0,"1854":0,"1855":0,"1856":0,"1857":0,"1858":0,"1860":0,"1861":0,"1862":0,"1865":0,"1866":0,"1868":0,"1869":0,"1870":0,"1871":0,"1874":0,"1875":0,"1876":0,"1877":0,"1878":0,"1879":0,"1881":0,"1882":0,"1884":0,"1886":1,"1887":0,"1888":0,"1890":0,"1891":0,"1892":0,"1893":0,"1895":0,"1897":0,"1898":0,"1900":0,"1904":1,"1905":0,"1908":0,"1909":0,"1910":0,"1911":0,"1912":0,"1913":0,"1914":0,"1915":0,"1916":0,"1917":0,"1918":0,"1919":0,"1920":0,"1922":0,"1923":0,"1925":0,"1926":0,"1928":0,"1929":0,"1931":0,"1932":0,"1933":0,"1936":0,"1937":0,"1938":0,"1939":0,"1942":1,"1943":0,"1945":0,"1946":0,"1947":0,"1950":0,"1952":0,"1955":1,"1956":0,"1958":0,"1959":0,"1960":0,"1962":0,"1963":0,"1964":0,"1968":1,"1969":0,"1970":0,"1981":1,"1982":0,"1983":0,"1984":0,"1985":0,"1991":1,"1992":0,"1994":1,"1995":0,"1996":0,"1998":0,"1999":0,"2001":0,"2003":0,"2004":0,"2005":0,"2007":0,"2010":0,"2011":0,"2013":0,"2014":0,"2015":0,"2016":0,"2017":0,"2019":0,"2020":0,"2023":1,"2025":0,"2026":0,"2028":0,"2029":0,"2030":0,"2031":0,"2034":0,"2035":0,"2036":0,"2040":0,"2041":0,"2042":0,"2043":0,"2044":0,"2046":0,"2049":1,"2050":0,"2051":0,"2052":0,"2054":0,"2055":0,"2059":1,"2062":0,"2063":0,"2064":0,"2066":0,"2067":0,"2069":0,"2086":0,"2088":0,"2089":0,"2090":0,"2092":0,"2093":0,"2094":0,"2097":0,"2098":0,"2099":0,"2101":0,"2102":0,"2103":0,"2107":0,"2108":0,"2111":0,"2112":0,"2114":0,"2117":1,"2118":1,"2119":1,"2120":1,"2122":1,"2123":1,"2125":1,"2126":0,"2127":0,"2128":0,"2130":0,"2133":0,"2141":0,"2142":0,"2144":0,"2147":1,"2149":1,"2150":0,"2151":0,"2152":0,"2155":0,"2156":0,"2158":0,"2159":0,"2161":0,"2163":0,"2170":0,"2171":0,"2172":0,"2173":0,"2174":0,"2176":0,"2177":0,"2179":0,"2180":0,"2181":0,"2182":0,"2184":0,"2187":1,"2188":0,"2190":0,"2191":0,"2192":0,"2194":0,"2197":1,"2198":0,"2199":0,"2200":0,"2202":0,"2203":0,"2204":0,"2207":1,"2208":0,"2210":0,"2211":0,"2212":0,"2213":0,"2216":0,"2217":0,"2218":0,"2223":1,"2224":0,"2226":0,"2227":0,"2228":0,"2231":0,"2233":1,"2234":0,"2235":0,"2237":0,"2238":0,"2240":0,"2241":0,"2244":0,"2245":0,"2246":0,"2251":1,"2252":0,"2253":0,"2254":0,"2256":0,"2258":0,"2259":0,"2262":1,"2264":0,"2266":0,"2272":0,"2274":0,"2275":0,"2283":0,"2284":0,"2285":0,"2287":0,"2290":0,"2291":0,"2294":1,"2295":0,"2298":1,"2299":0,"2300":0,"2301":0,"2303":1,"2304":0,"2305":0,"2306":0,"2307":0,"2308":0,"2311":0,"2327":0,"2328":0,"2331":0,"2332":0,"2333":0,"2336":0,"2337":0,"2338":0,"2340":0,"2341":0,"2342":0,"2344":0,"2345":0,"2347":0,"2348":0,"2349":0,"2350":0,"2355":1,"2356":1,"2357":0,"2358":0,"2360":1,"2361":6,"2362":6,"2365":1,"2366":0,"2368":0,"2369":0,"2370":0,"2371":0,"2374":0,"2375":0,"2376":0,"2377":0,"2380":0,"2381":0,"2383":0,"2384":0,"2386":0,"2387":0,"2388":0,"2390":0,"2391":0,"2392":0,"2393":0,"2395":0,"2396":0,"2398":0,"2399":0,"2401":0,"2402":0,"2403":0,"2404":0,"2405":0,"2406":0,"2410":0,"2411":0,"2413":1,"2414":0,"2415":0,"2416":0,"2417":0,"2418":0,"2419":0,"2420":0,"2421":0,"2425":0,"2426":0,"2427":0,"2431":0,"2433":1,"2434":0,"2435":0,"2436":0,"2438":1,"2439":0,"2440":0,"2442":1,"2443":0,"2444":0,"2445":0,"2446":0,"2447":0,"2448":0,"2450":0,"2451":0,"2452":0,"2457":1,"2458":0,"2460":0,"2462":1,"2463":0,"2466":1,"2467":0,"2469":0,"2471":1,"2473":0,"2474":0,"2475":0,"2476":0,"2477":0,"2478":0,"2481":0,"2482":0,"2484":1,"2485":0,"2488":1,"2489":0,"2490":0,"2491":0,"2492":0,"2493":0,"2495":0,"2497":0,"2498":0,"2501":1,"2502":0,"2503":0,"2504":0,"2505":0,"2506":0,"2507":0,"2512":0,"2514":0,"2516":0,"2518":1,"2519":0,"2520":0,"2521":0,"2522":0,"2524":1,"2525":0,"2526":0,"2527":0,"2529":1,"2530":0,"2531":0,"2532":0,"2536":1,"2537":0,"2543":1,"2544":1,"2545":1,"2546":1,"2560":1,"2583":1,"2615":1,"2616":27,"2624":1,"2625":1,"2626":1,"2627":1,"2628":1,"2629":0,"2632":1,"2633":0,"2634":0,"2635":0,"2639":0,"2640":0,"2641":0,"2642":0,"2643":0,"2645":0,"2647":1,"2648":0,"2651":0,"2652":0,"2653":0,"2655":0,"2657":1,"2658":0,"2659":0,"2662":0,"2663":0,"2664":0,"2666":0,"2667":0,"2669":0,"2672":1,"2673":0,"2674":0,"2678":1,"2679":1,"2680":1,"2681":1,"2686":0,"2694":0,"2697":0,"2700":0,"2704":0,"2708":0,"2711":0,"2715":0,"2719":0,"2723":0,"2727":0,"2730":0,"2734":0,"2737":0,"2741":0,"2745":0,"2748":0,"2752":0,"2756":0,"2760":0,"2767":1,"2768":1,"2770":0,"2788":0,"2798":0,"2801":0,"2804":0,"2819":0,"2830":0,"2840":0,"2843":0,"2854":0}}}